14:44:07  INFO      pretrain_jepa — Loading dataset from /home/redleadr/workspace/noosphere/v2_digital_self_replication/data/generated
14:44:07  INFO      pretrain_jepa — Loading dataset from /home/redleadr/workspace/noosphere/v2_digital_self_replication/data/generated
14:44:07  INFO      pretrain_jepa —   10 subjects, 50 trials each, T=1024, fs=256 Hz
14:44:07  INFO      pretrain_jepa —   10 subjects, 50 trials each, T=1024, fs=256 Hz
14:44:09  INFO      pretrain_jepa — Starting JEPA pretraining: 50 epochs, window=256, stride=64, device=cpu
14:44:09  INFO      pretrain_jepa — Starting JEPA pretraining: 50 epochs, window=256, stride=64, device=cpu
14:44:09  INFO      v2_digital_self_replication.training.pretrain_jepa — JEPA pretraining: 7997 windows, 50 epochs
14:44:09  INFO      v2_digital_self_replication.training.pretrain_jepa — JEPA pretraining: 7997 windows, 50 epochs
14:54:38  INFO      v2_digital_self_replication.training.pretrain_jepa — Epoch   1/50  loss=0.140003  629.0s
14:54:38  INFO      v2_digital_self_replication.training.pretrain_jepa — Epoch   1/50  loss=0.140003  629.0s
15:11:04  INFO      pretrain_jepa — Loading dataset from /home/redleadr/workspace/noosphere/v2_digital_self_replication/data/generated
15:11:04  INFO      pretrain_jepa — Loading dataset from /home/redleadr/workspace/noosphere/v2_digital_self_replication/data/generated
15:11:04  INFO      pretrain_jepa —   10 subjects, 50 trials each, T=1024, fs=256 Hz
15:11:04  INFO      pretrain_jepa —   10 subjects, 50 trials each, T=1024, fs=256 Hz
15:11:06  INFO      pretrain_jepa — Starting JEPA pretraining: 50 epochs, window=256, stride=64, device=cpu
15:11:06  INFO      pretrain_jepa — Starting JEPA pretraining: 50 epochs, window=256, stride=64, device=cpu
15:11:06  INFO      v2_digital_self_replication.training.pretrain_jepa — JEPA pretraining: 7997 windows, 50 epochs
15:11:06  INFO      v2_digital_self_replication.training.pretrain_jepa — JEPA pretraining: 7997 windows, 50 epochs
15:19:55  INFO      v2_digital_self_replication.training.pretrain_jepa — Epoch   1/50  loss=0.143153  529.2s
15:19:55  INFO      v2_digital_self_replication.training.pretrain_jepa — Epoch   1/50  loss=0.143153  529.2s
15:27:18  INFO      pretrain_jepa — Loading dataset from /home/redleadr/workspace/noosphere/v2_digital_self_replication/data/generated
15:27:18  INFO      pretrain_jepa — Loading dataset from /home/redleadr/workspace/noosphere/v2_digital_self_replication/data/generated
15:27:19  INFO      pretrain_jepa —   10 subjects, 50 trials each, T=1024, fs=256 Hz
15:27:19  INFO      pretrain_jepa —   10 subjects, 50 trials each, T=1024, fs=256 Hz
15:27:20  INFO      pretrain_jepa — Starting JEPA pretraining: 15 epochs, window=128, stride=64, device=cpu
15:27:20  INFO      pretrain_jepa — Starting JEPA pretraining: 15 epochs, window=128, stride=64, device=cpu
15:27:20  INFO      v2_digital_self_replication.training.pretrain_jepa — JEPA pretraining: 7999 windows, 15 epochs
15:27:20  INFO      v2_digital_self_replication.training.pretrain_jepa — JEPA pretraining: 7999 windows, 15 epochs
15:31:24  INFO      v2_digital_self_replication.training.pretrain_jepa — Epoch   1/15  loss=0.154675  243.2s
15:31:24  INFO      v2_digital_self_replication.training.pretrain_jepa — Epoch   1/15  loss=0.154675  243.2s
15:35:15  INFO      v2_digital_self_replication.training.pretrain_jepa — Epoch   2/15  loss=0.077349  231.9s
15:35:15  INFO      v2_digital_self_replication.training.pretrain_jepa — Epoch   2/15  loss=0.077349  231.9s
15:40:15  INFO      v2_digital_self_replication.training.pretrain_jepa — Epoch   3/15  loss=0.045820  299.9s
15:40:15  INFO      v2_digital_self_replication.training.pretrain_jepa — Epoch   3/15  loss=0.045820  299.9s
15:44:18  INFO      v2_digital_self_replication.training.pretrain_jepa — Epoch   4/15  loss=0.038642  242.1s
15:44:18  INFO      v2_digital_self_replication.training.pretrain_jepa — Epoch   4/15  loss=0.038642  242.1s
