16:22:21  INFO      finetune — Loading dataset from /home/redleadr/workspace/noosphere/v2_digital_self_replication/data/generated
16:22:21  INFO      finetune — Loading dataset from /home/redleadr/workspace/noosphere/v2_digital_self_replication/data/generated
16:22:21  INFO      finetune —   10 subjects, 50 trials, T=1024
16:22:21  INFO      finetune —   10 subjects, 50 trials, T=1024
16:22:22  INFO      v2_digital_self_replication.agent.memory_store — SemanticMemory: faiss not installed, semantic search disabled
16:22:22  INFO      v2_digital_self_replication.agent.memory_store — SemanticMemory: faiss not installed, semantic search disabled
16:22:23  INFO      v2_digital_self_replication.training.pretrain_jepa — Loaded JEPA encoder weights from /home/redleadr/workspace/noosphere/v2_digital_self_replication/checkpoints/jepa_encoder_final.pt
16:22:23  INFO      v2_digital_self_replication.training.pretrain_jepa — Loaded JEPA encoder weights from /home/redleadr/workspace/noosphere/v2_digital_self_replication/checkpoints/jepa_encoder_final.pt
16:22:23  INFO      finetune — Loaded JEPA encoder from /home/redleadr/workspace/noosphere/v2_digital_self_replication/checkpoints/jepa_encoder_final.pt
16:22:23  INFO      finetune — Loaded JEPA encoder from /home/redleadr/workspace/noosphere/v2_digital_self_replication/checkpoints/jepa_encoder_final.pt
16:22:23  INFO      finetune — Fine-tuning: 10 epochs, freeze_encoder=True, device=cuda
16:22:23  INFO      finetune — Fine-tuning: 10 epochs, freeze_encoder=True, device=cuda
16:22:23  INFO      v2_digital_self_replication.training.online_train — Supervised training: 4000 windows, 10 epochs
16:22:23  INFO      v2_digital_self_replication.training.online_train — Supervised training: 4000 windows, 10 epochs
16:23:38  INFO      v2_digital_self_replication.training.online_train — Epoch   1/10  loss=0.149897  74.9s
16:23:38  INFO      v2_digital_self_replication.training.online_train — Epoch   1/10  loss=0.149897  74.9s
16:23:38  INFO      v2_digital_self_replication.agent.digital_twin — Saved checkpoint: /home/redleadr/workspace/noosphere/v2_digital_self_replication/checkpoints/supervised_best.pt
16:23:38  INFO      v2_digital_self_replication.agent.digital_twin — Saved checkpoint: /home/redleadr/workspace/noosphere/v2_digital_self_replication/checkpoints/supervised_best.pt
16:23:44  INFO      v2_digital_self_replication.training.online_train — Epoch   2/10  loss=-0.078293  5.5s
16:23:44  INFO      v2_digital_self_replication.training.online_train — Epoch   2/10  loss=-0.078293  5.5s
16:23:44  INFO      v2_digital_self_replication.agent.digital_twin — Saved checkpoint: /home/redleadr/workspace/noosphere/v2_digital_self_replication/checkpoints/supervised_best.pt
16:23:44  INFO      v2_digital_self_replication.agent.digital_twin — Saved checkpoint: /home/redleadr/workspace/noosphere/v2_digital_self_replication/checkpoints/supervised_best.pt
16:23:49  INFO      v2_digital_self_replication.training.online_train — Epoch   3/10  loss=-0.091145  5.1s
16:23:49  INFO      v2_digital_self_replication.training.online_train — Epoch   3/10  loss=-0.091145  5.1s
16:23:49  INFO      v2_digital_self_replication.agent.digital_twin — Saved checkpoint: /home/redleadr/workspace/noosphere/v2_digital_self_replication/checkpoints/supervised_best.pt
16:23:49  INFO      v2_digital_self_replication.agent.digital_twin — Saved checkpoint: /home/redleadr/workspace/noosphere/v2_digital_self_replication/checkpoints/supervised_best.pt
16:23:54  INFO      v2_digital_self_replication.training.online_train — Epoch   4/10  loss=-0.108815  5.5s
16:23:54  INFO      v2_digital_self_replication.training.online_train — Epoch   4/10  loss=-0.108815  5.5s
16:23:54  INFO      v2_digital_self_replication.agent.digital_twin — Saved checkpoint: /home/redleadr/workspace/noosphere/v2_digital_self_replication/checkpoints/supervised_best.pt
16:23:54  INFO      v2_digital_self_replication.agent.digital_twin — Saved checkpoint: /home/redleadr/workspace/noosphere/v2_digital_self_replication/checkpoints/supervised_best.pt
16:24:00  INFO      v2_digital_self_replication.training.online_train — Epoch   5/10  loss=-0.125577  5.5s
16:24:00  INFO      v2_digital_self_replication.training.online_train — Epoch   5/10  loss=-0.125577  5.5s
16:24:00  INFO      v2_digital_self_replication.agent.digital_twin — Saved checkpoint: /home/redleadr/workspace/noosphere/v2_digital_self_replication/checkpoints/supervised_best.pt
16:24:00  INFO      v2_digital_self_replication.agent.digital_twin — Saved checkpoint: /home/redleadr/workspace/noosphere/v2_digital_self_replication/checkpoints/supervised_best.pt
16:24:05  INFO      v2_digital_self_replication.training.online_train — Epoch   6/10  loss=-0.143308  5.4s
16:24:05  INFO      v2_digital_self_replication.training.online_train — Epoch   6/10  loss=-0.143308  5.4s
16:24:05  INFO      v2_digital_self_replication.agent.digital_twin — Saved checkpoint: /home/redleadr/workspace/noosphere/v2_digital_self_replication/checkpoints/supervised_best.pt
16:24:05  INFO      v2_digital_self_replication.agent.digital_twin — Saved checkpoint: /home/redleadr/workspace/noosphere/v2_digital_self_replication/checkpoints/supervised_best.pt
16:24:11  INFO      v2_digital_self_replication.training.online_train — Epoch   7/10  loss=-0.159627  5.5s
16:24:11  INFO      v2_digital_self_replication.training.online_train — Epoch   7/10  loss=-0.159627  5.5s
16:24:11  INFO      v2_digital_self_replication.agent.digital_twin — Saved checkpoint: /home/redleadr/workspace/noosphere/v2_digital_self_replication/checkpoints/supervised_best.pt
16:24:11  INFO      v2_digital_self_replication.agent.digital_twin — Saved checkpoint: /home/redleadr/workspace/noosphere/v2_digital_self_replication/checkpoints/supervised_best.pt
16:24:16  INFO      v2_digital_self_replication.training.online_train — Epoch   8/10  loss=-0.181082  5.6s
16:24:16  INFO      v2_digital_self_replication.training.online_train — Epoch   8/10  loss=-0.181082  5.6s
16:24:16  INFO      v2_digital_self_replication.agent.digital_twin — Saved checkpoint: /home/redleadr/workspace/noosphere/v2_digital_self_replication/checkpoints/supervised_best.pt
16:24:16  INFO      v2_digital_self_replication.agent.digital_twin — Saved checkpoint: /home/redleadr/workspace/noosphere/v2_digital_self_replication/checkpoints/supervised_best.pt
16:24:22  INFO      v2_digital_self_replication.training.online_train — Epoch   9/10  loss=-0.197355  5.5s
16:24:22  INFO      v2_digital_self_replication.training.online_train — Epoch   9/10  loss=-0.197355  5.5s
16:24:22  INFO      v2_digital_self_replication.agent.digital_twin — Saved checkpoint: /home/redleadr/workspace/noosphere/v2_digital_self_replication/checkpoints/supervised_best.pt
16:24:22  INFO      v2_digital_self_replication.agent.digital_twin — Saved checkpoint: /home/redleadr/workspace/noosphere/v2_digital_self_replication/checkpoints/supervised_best.pt
16:24:27  INFO      v2_digital_self_replication.training.online_train — Epoch  10/10  loss=-0.215866  5.4s
16:24:27  INFO      v2_digital_self_replication.training.online_train — Epoch  10/10  loss=-0.215866  5.4s
16:24:27  INFO      v2_digital_self_replication.agent.digital_twin — Saved checkpoint: /home/redleadr/workspace/noosphere/v2_digital_self_replication/checkpoints/supervised_best.pt
16:24:27  INFO      v2_digital_self_replication.agent.digital_twin — Saved checkpoint: /home/redleadr/workspace/noosphere/v2_digital_self_replication/checkpoints/supervised_best.pt
16:24:27  INFO      v2_digital_self_replication.training.online_train — Supervised training complete. Best loss: -0.215866
16:24:27  INFO      v2_digital_self_replication.training.online_train — Supervised training complete. Best loss: -0.215866
16:24:27  INFO      finetune — Fine-tuning complete. Twin checkpoint saved to /home/redleadr/workspace/noosphere/v2_digital_self_replication/checkpoints/supervised_best.pt
16:24:27  INFO      finetune — Fine-tuning complete. Twin checkpoint saved to /home/redleadr/workspace/noosphere/v2_digital_self_replication/checkpoints/supervised_best.pt
