11:45:09  INFO      eval_loso — Subjects: [1, 2, 3, 4, 5, 6, 7, 8, 9, 10, 11, 12, 13, 14, 15, 16, 17, 18, 19, 20]  Folds: 5  FT epochs: 10
11:45:09  INFO      eval_loso — Classes: ['left_hand', 'right_hand', 'feet']
11:45:09  INFO      eval_loso — ══ Subject 1 ══
11:45:10  INFO      v2_digital_self_replication.data.real_eeg — Loading subject 1 …
11:45:11  INFO      v2_digital_self_replication.data.real_eeg —   Subject 1: 15 trials
11:45:11  INFO      v2_digital_self_replication.data.real_eeg —   Subject 1: 15 trials
11:45:11  INFO      v2_digital_self_replication.data.real_eeg —   Subject 1: 15 trials
11:45:11  INFO      v2_digital_self_replication.data.real_eeg —   Subject 1: 8 trials
11:45:11  INFO      v2_digital_self_replication.data.real_eeg —   Subject 1: 8 trials
11:45:11  INFO      v2_digital_self_replication.data.real_eeg —   Subject 1: 8 trials
11:45:11  INFO      v2_digital_self_replication.data.real_eeg — Total: 69 trials  shape=(69, 1025, 21)
11:45:11  INFO      eval_loso —   Trials: 69  shape: (69, 1025, 21)
11:45:11  INFO      eval_loso —     fold 1/5
11:45:13  INFO      faiss.loader — Loading faiss with AVX2 support.
11:45:13  INFO      faiss.loader — Could not load library with AVX2 support due to:
ModuleNotFoundError("No module named 'faiss.swigfaiss_avx2'")
11:45:13  INFO      faiss.loader — Loading faiss.
11:45:13  INFO      faiss.loader — Successfully loaded faiss.
11:45:13  INFO      v2_digital_self_replication.agent.digital_twin — Loaded checkpoint: v2_digital_self_replication/checkpoints/supervised_best.pt (step 0)
11:45:13  INFO      v2_digital_self_replication.training.online_train — Supervised training: 220 windows, 10 epochs
11:45:42  INFO      v2_digital_self_replication.training.online_train — Epoch   1/10  loss=-0.590135  28.6s
11:45:42  INFO      v2_digital_self_replication.agent.digital_twin — Saved checkpoint: /tmp/tmphb84_gyj/supervised_best.pt
11:45:46  INFO      v2_digital_self_replication.training.online_train — Epoch   2/10  loss=-1.029274  3.6s
11:45:46  INFO      v2_digital_self_replication.agent.digital_twin — Saved checkpoint: /tmp/tmphb84_gyj/supervised_best.pt
11:45:49  INFO      v2_digital_self_replication.training.online_train — Epoch   3/10  loss=-1.421241  3.5s
11:45:49  INFO      v2_digital_self_replication.agent.digital_twin — Saved checkpoint: /tmp/tmphb84_gyj/supervised_best.pt
11:45:53  INFO      v2_digital_self_replication.training.online_train — Epoch   4/10  loss=-1.634515  3.5s
11:45:53  INFO      v2_digital_self_replication.agent.digital_twin — Saved checkpoint: /tmp/tmphb84_gyj/supervised_best.pt
11:45:56  INFO      v2_digital_self_replication.training.online_train — Epoch   5/10  loss=-1.648586  3.4s
11:45:56  INFO      v2_digital_self_replication.agent.digital_twin — Saved checkpoint: /tmp/tmphb84_gyj/supervised_best.pt
11:46:00  INFO      v2_digital_self_replication.training.online_train — Epoch   6/10  loss=-1.728689  3.6s
11:46:00  INFO      v2_digital_self_replication.agent.digital_twin — Saved checkpoint: /tmp/tmphb84_gyj/supervised_best.pt
11:46:03  INFO      v2_digital_self_replication.training.online_train — Epoch   7/10  loss=-1.768403  3.8s
11:46:03  INFO      v2_digital_self_replication.agent.digital_twin — Saved checkpoint: /tmp/tmphb84_gyj/supervised_best.pt
11:46:07  INFO      v2_digital_self_replication.training.online_train — Epoch   8/10  loss=-1.923120  3.8s
11:46:07  INFO      v2_digital_self_replication.agent.digital_twin — Saved checkpoint: /tmp/tmphb84_gyj/supervised_best.pt
11:46:11  INFO      v2_digital_self_replication.training.online_train — Epoch   9/10  loss=-1.952175  3.9s
11:46:11  INFO      v2_digital_self_replication.agent.digital_twin — Saved checkpoint: /tmp/tmphb84_gyj/supervised_best.pt
11:46:15  INFO      v2_digital_self_replication.training.online_train — Epoch  10/10  loss=-1.983086  3.7s
11:46:15  INFO      v2_digital_self_replication.agent.digital_twin — Saved checkpoint: /tmp/tmphb84_gyj/supervised_best.pt
11:46:15  INFO      v2_digital_self_replication.training.online_train — Supervised training complete. Best loss: -1.983086
11:48:18  INFO      v2_digital_self_replication.training.online_train — Supervised training: 220 windows, 10 epochs
11:48:22  INFO      v2_digital_self_replication.training.online_train — Epoch   1/10  loss=0.149302  3.8s
11:48:22  INFO      v2_digital_self_replication.agent.digital_twin — Saved checkpoint: /tmp/tmph3sck497/supervised_best.pt
11:48:26  INFO      v2_digital_self_replication.training.online_train — Epoch   2/10  loss=-0.137012  3.7s
11:48:26  INFO      v2_digital_self_replication.agent.digital_twin — Saved checkpoint: /tmp/tmph3sck497/supervised_best.pt
11:48:29  INFO      v2_digital_self_replication.training.online_train — Epoch   3/10  loss=-0.536407  3.6s
11:48:29  INFO      v2_digital_self_replication.agent.digital_twin — Saved checkpoint: /tmp/tmph3sck497/supervised_best.pt
11:48:33  INFO      v2_digital_self_replication.training.online_train — Epoch   4/10  loss=-0.907865  3.8s
11:48:33  INFO      v2_digital_self_replication.agent.digital_twin — Saved checkpoint: /tmp/tmph3sck497/supervised_best.pt
11:48:37  INFO      v2_digital_self_replication.training.online_train — Epoch   5/10  loss=-1.151432  3.9s
11:48:37  INFO      v2_digital_self_replication.agent.digital_twin — Saved checkpoint: /tmp/tmph3sck497/supervised_best.pt
11:48:41  INFO      v2_digital_self_replication.training.online_train — Epoch   6/10  loss=-1.227145  3.9s
11:48:41  INFO      v2_digital_self_replication.agent.digital_twin — Saved checkpoint: /tmp/tmph3sck497/supervised_best.pt
11:48:45  INFO      v2_digital_self_replication.training.online_train — Epoch   7/10  loss=-1.421455  4.0s
11:48:45  INFO      v2_digital_self_replication.agent.digital_twin — Saved checkpoint: /tmp/tmph3sck497/supervised_best.pt
11:48:49  INFO      v2_digital_self_replication.training.online_train — Epoch   8/10  loss=-1.539096  3.9s
11:48:49  INFO      v2_digital_self_replication.agent.digital_twin — Saved checkpoint: /tmp/tmph3sck497/supervised_best.pt
11:48:53  INFO      v2_digital_self_replication.training.online_train — Epoch   9/10  loss=-1.591655  3.9s
11:48:53  INFO      v2_digital_self_replication.agent.digital_twin — Saved checkpoint: /tmp/tmph3sck497/supervised_best.pt
11:48:57  INFO      v2_digital_self_replication.training.online_train — Epoch  10/10  loss=-1.630506  3.9s
11:48:57  INFO      v2_digital_self_replication.agent.digital_twin — Saved checkpoint: /tmp/tmph3sck497/supervised_best.pt
11:48:57  INFO      v2_digital_self_replication.training.online_train — Supervised training complete. Best loss: -1.630506
11:48:57  INFO      v2_digital_self_replication.agent.digital_twin — Loaded checkpoint: v2_digital_self_replication/checkpoints/supervised_best.pt (step 0)
/home/redleadr/workspace/noosphere/.venv/lib/python3.14/site-packages/sklearn/metrics/_classification.py:2924: UserWarning: y_pred contains classes not in y_true
  warnings.warn("y_pred contains classes not in y_true")
11:48:57  INFO      eval_loso —     fold 2/5
11:48:57  INFO      v2_digital_self_replication.agent.digital_twin — Loaded checkpoint: v2_digital_self_replication/checkpoints/supervised_best.pt (step 0)
11:48:57  INFO      v2_digital_self_replication.training.online_train — Supervised training: 220 windows, 10 epochs
11:49:01  INFO      v2_digital_self_replication.training.online_train — Epoch   1/10  loss=-0.583271  3.6s
11:49:01  INFO      v2_digital_self_replication.agent.digital_twin — Saved checkpoint: /tmp/tmpnedt1b8v/supervised_best.pt
11:49:05  INFO      v2_digital_self_replication.training.online_train — Epoch   2/10  loss=-1.030369  3.7s
11:49:05  INFO      v2_digital_self_replication.agent.digital_twin — Saved checkpoint: /tmp/tmpnedt1b8v/supervised_best.pt
11:49:09  INFO      v2_digital_self_replication.training.online_train — Epoch   3/10  loss=-1.405412  3.9s
11:49:09  INFO      v2_digital_self_replication.agent.digital_twin — Saved checkpoint: /tmp/tmpnedt1b8v/supervised_best.pt
11:49:12  INFO      v2_digital_self_replication.training.online_train — Epoch   4/10  loss=-1.585690  3.7s
11:49:12  INFO      v2_digital_self_replication.agent.digital_twin — Saved checkpoint: /tmp/tmpnedt1b8v/supervised_best.pt
11:49:16  INFO      v2_digital_self_replication.training.online_train — Epoch   5/10  loss=-1.763582  3.7s
11:49:16  INFO      v2_digital_self_replication.agent.digital_twin — Saved checkpoint: /tmp/tmpnedt1b8v/supervised_best.pt
11:49:20  INFO      v2_digital_self_replication.training.online_train — Epoch   6/10  loss=-1.673223  3.7s
11:49:24  INFO      v2_digital_self_replication.training.online_train — Epoch   7/10  loss=-1.643436  3.9s
11:49:28  INFO      v2_digital_self_replication.training.online_train — Epoch   8/10  loss=-1.863148  3.9s
11:49:28  INFO      v2_digital_self_replication.agent.digital_twin — Saved checkpoint: /tmp/tmpnedt1b8v/supervised_best.pt
11:49:32  INFO      v2_digital_self_replication.training.online_train — Epoch   9/10  loss=-1.880929  4.0s
11:49:32  INFO      v2_digital_self_replication.agent.digital_twin — Saved checkpoint: /tmp/tmpnedt1b8v/supervised_best.pt
11:49:35  INFO      v2_digital_self_replication.training.online_train — Epoch  10/10  loss=-1.954073  3.7s
11:49:35  INFO      v2_digital_self_replication.agent.digital_twin — Saved checkpoint: /tmp/tmpnedt1b8v/supervised_best.pt
11:49:35  INFO      v2_digital_self_replication.training.online_train — Supervised training complete. Best loss: -1.954073
11:49:36  INFO      v2_digital_self_replication.training.online_train — Supervised training: 220 windows, 10 epochs
11:49:39  INFO      v2_digital_self_replication.training.online_train — Epoch   1/10  loss=0.105894  3.8s
11:49:39  INFO      v2_digital_self_replication.agent.digital_twin — Saved checkpoint: /tmp/tmpw8iv26gw/supervised_best.pt
11:49:44  INFO      v2_digital_self_replication.training.online_train — Epoch   2/10  loss=-0.188441  4.2s
11:49:44  INFO      v2_digital_self_replication.agent.digital_twin — Saved checkpoint: /tmp/tmpw8iv26gw/supervised_best.pt
11:49:48  INFO      v2_digital_self_replication.training.online_train — Epoch   3/10  loss=-0.552489  4.3s
11:49:48  INFO      v2_digital_self_replication.agent.digital_twin — Saved checkpoint: /tmp/tmpw8iv26gw/supervised_best.pt
11:49:52  INFO      v2_digital_self_replication.training.online_train — Epoch   4/10  loss=-1.029346  4.1s
11:49:52  INFO      v2_digital_self_replication.agent.digital_twin — Saved checkpoint: /tmp/tmpw8iv26gw/supervised_best.pt
11:49:56  INFO      v2_digital_self_replication.training.online_train — Epoch   5/10  loss=-1.309196  4.1s
11:49:56  INFO      v2_digital_self_replication.agent.digital_twin — Saved checkpoint: /tmp/tmpw8iv26gw/supervised_best.pt
11:50:00  INFO      v2_digital_self_replication.training.online_train — Epoch   6/10  loss=-0.863276  4.1s
11:50:04  INFO      v2_digital_self_replication.training.online_train — Epoch   7/10  loss=-0.082434  4.0s
11:50:08  INFO      v2_digital_self_replication.training.online_train — Epoch   8/10  loss=-0.797974  3.8s
11:50:12  INFO      v2_digital_self_replication.training.online_train — Epoch   9/10  loss=-1.155269  3.6s
11:50:15  INFO      v2_digital_self_replication.training.online_train — Epoch  10/10  loss=-1.463237  3.7s
11:50:15  INFO      v2_digital_self_replication.agent.digital_twin — Saved checkpoint: /tmp/tmpw8iv26gw/supervised_best.pt
11:50:15  INFO      v2_digital_self_replication.training.online_train — Supervised training complete. Best loss: -1.463237
11:50:15  INFO      v2_digital_self_replication.agent.digital_twin — Loaded checkpoint: v2_digital_self_replication/checkpoints/supervised_best.pt (step 0)
/home/redleadr/workspace/noosphere/.venv/lib/python3.14/site-packages/sklearn/metrics/_classification.py:2924: UserWarning: y_pred contains classes not in y_true
  warnings.warn("y_pred contains classes not in y_true")
11:50:16  INFO      eval_loso —     fold 3/5
11:50:16  INFO      v2_digital_self_replication.agent.digital_twin — Loaded checkpoint: v2_digital_self_replication/checkpoints/supervised_best.pt (step 0)
11:50:16  INFO      v2_digital_self_replication.training.online_train — Supervised training: 220 windows, 10 epochs
11:50:20  INFO      v2_digital_self_replication.training.online_train — Epoch   1/10  loss=-0.578964  4.0s
11:50:20  INFO      v2_digital_self_replication.agent.digital_twin — Saved checkpoint: /tmp/tmppab4fao5/supervised_best.pt
11:50:24  INFO      v2_digital_self_replication.training.online_train — Epoch   2/10  loss=-1.033269  3.9s
11:50:24  INFO      v2_digital_self_replication.agent.digital_twin — Saved checkpoint: /tmp/tmppab4fao5/supervised_best.pt
11:50:28  INFO      v2_digital_self_replication.training.online_train — Epoch   3/10  loss=-1.436630  3.8s
11:50:28  INFO      v2_digital_self_replication.agent.digital_twin — Saved checkpoint: /tmp/tmppab4fao5/supervised_best.pt
11:50:32  INFO      v2_digital_self_replication.training.online_train — Epoch   4/10  loss=-1.653290  4.1s
11:50:32  INFO      v2_digital_self_replication.agent.digital_twin — Saved checkpoint: /tmp/tmppab4fao5/supervised_best.pt
11:50:36  INFO      v2_digital_self_replication.training.online_train — Epoch   5/10  loss=-1.694894  4.0s
11:50:36  INFO      v2_digital_self_replication.agent.digital_twin — Saved checkpoint: /tmp/tmppab4fao5/supervised_best.pt
11:50:40  INFO      v2_digital_self_replication.training.online_train — Epoch   6/10  loss=-1.719546  3.8s
11:50:40  INFO      v2_digital_self_replication.agent.digital_twin — Saved checkpoint: /tmp/tmppab4fao5/supervised_best.pt
11:50:44  INFO      v2_digital_self_replication.training.online_train — Epoch   7/10  loss=-1.585263  3.9s
11:50:48  INFO      v2_digital_self_replication.training.online_train — Epoch   8/10  loss=-1.899958  3.9s
11:50:48  INFO      v2_digital_self_replication.agent.digital_twin — Saved checkpoint: /tmp/tmppab4fao5/supervised_best.pt
11:50:51  INFO      v2_digital_self_replication.training.online_train — Epoch   9/10  loss=-1.823765  3.7s
11:50:55  INFO      v2_digital_self_replication.training.online_train — Epoch  10/10  loss=-1.904688  3.6s
11:50:55  INFO      v2_digital_self_replication.agent.digital_twin — Saved checkpoint: /tmp/tmppab4fao5/supervised_best.pt
11:50:55  INFO      v2_digital_self_replication.training.online_train — Supervised training complete. Best loss: -1.904688
11:50:55  INFO      v2_digital_self_replication.training.online_train — Supervised training: 220 windows, 10 epochs
11:50:59  INFO      v2_digital_self_replication.training.online_train — Epoch   1/10  loss=0.193017  3.7s
11:50:59  INFO      v2_digital_self_replication.agent.digital_twin — Saved checkpoint: /tmp/tmp8dod2pyn/supervised_best.pt
11:51:03  INFO      v2_digital_self_replication.training.online_train — Epoch   2/10  loss=-0.115723  3.8s
11:51:03  INFO      v2_digital_self_replication.agent.digital_twin — Saved checkpoint: /tmp/tmp8dod2pyn/supervised_best.pt
11:51:07  INFO      v2_digital_self_replication.training.online_train — Epoch   3/10  loss=-0.454081  3.8s
11:51:07  INFO      v2_digital_self_replication.agent.digital_twin — Saved checkpoint: /tmp/tmp8dod2pyn/supervised_best.pt
11:51:10  INFO      v2_digital_self_replication.training.online_train — Epoch   4/10  loss=-0.824320  3.9s
11:51:10  INFO      v2_digital_self_replication.agent.digital_twin — Saved checkpoint: /tmp/tmp8dod2pyn/supervised_best.pt
11:51:14  INFO      v2_digital_self_replication.training.online_train — Epoch   5/10  loss=-1.189306  3.8s
11:51:14  INFO      v2_digital_self_replication.agent.digital_twin — Saved checkpoint: /tmp/tmp8dod2pyn/supervised_best.pt
11:51:18  INFO      v2_digital_self_replication.training.online_train — Epoch   6/10  loss=-1.301214  3.7s
11:51:18  INFO      v2_digital_self_replication.agent.digital_twin — Saved checkpoint: /tmp/tmp8dod2pyn/supervised_best.pt
11:51:22  INFO      v2_digital_self_replication.training.online_train — Epoch   7/10  loss=-1.043184  3.5s
11:51:25  INFO      v2_digital_self_replication.training.online_train — Epoch   8/10  loss=-0.780698  3.6s
11:51:29  INFO      v2_digital_self_replication.training.online_train — Epoch   9/10  loss=-1.161912  3.8s
11:51:33  INFO      v2_digital_self_replication.training.online_train — Epoch  10/10  loss=-1.517831  3.9s
11:51:33  INFO      v2_digital_self_replication.agent.digital_twin — Saved checkpoint: /tmp/tmp8dod2pyn/supervised_best.pt
11:51:33  INFO      v2_digital_self_replication.training.online_train — Supervised training complete. Best loss: -1.517831
11:51:33  INFO      v2_digital_self_replication.agent.digital_twin — Loaded checkpoint: v2_digital_self_replication/checkpoints/supervised_best.pt (step 0)
/home/redleadr/workspace/noosphere/.venv/lib/python3.14/site-packages/sklearn/metrics/_classification.py:2924: UserWarning: y_pred contains classes not in y_true
  warnings.warn("y_pred contains classes not in y_true")
11:51:34  INFO      eval_loso —     fold 4/5
11:51:34  INFO      v2_digital_self_replication.agent.digital_twin — Loaded checkpoint: v2_digital_self_replication/checkpoints/supervised_best.pt (step 0)
11:51:34  INFO      v2_digital_self_replication.training.online_train — Supervised training: 220 windows, 10 epochs
11:51:37  INFO      v2_digital_self_replication.training.online_train — Epoch   1/10  loss=-0.573889  3.8s
11:51:37  INFO      v2_digital_self_replication.agent.digital_twin — Saved checkpoint: /tmp/tmplj7ni5da/supervised_best.pt
11:51:41  INFO      v2_digital_self_replication.training.online_train — Epoch   2/10  loss=-1.024860  3.7s
11:51:41  INFO      v2_digital_self_replication.agent.digital_twin — Saved checkpoint: /tmp/tmplj7ni5da/supervised_best.pt
11:51:45  INFO      v2_digital_self_replication.training.online_train — Epoch   3/10  loss=-1.448173  3.8s
11:51:45  INFO      v2_digital_self_replication.agent.digital_twin — Saved checkpoint: /tmp/tmplj7ni5da/supervised_best.pt
11:51:49  INFO      v2_digital_self_replication.training.online_train — Epoch   4/10  loss=-1.699356  3.7s
11:51:49  INFO      v2_digital_self_replication.agent.digital_twin — Saved checkpoint: /tmp/tmplj7ni5da/supervised_best.pt
11:51:52  INFO      v2_digital_self_replication.training.online_train — Epoch   5/10  loss=-1.665837  3.7s
11:51:56  INFO      v2_digital_self_replication.training.online_train — Epoch   6/10  loss=-1.277731  4.0s
11:52:00  INFO      v2_digital_self_replication.training.online_train — Epoch   7/10  loss=-1.197969  3.9s
11:52:04  INFO      v2_digital_self_replication.training.online_train — Epoch   8/10  loss=-1.321818  3.7s
11:52:07  INFO      v2_digital_self_replication.training.online_train — Epoch   9/10  loss=-1.823976  3.8s
11:52:08  INFO      v2_digital_self_replication.agent.digital_twin — Saved checkpoint: /tmp/tmplj7ni5da/supervised_best.pt
11:52:11  INFO      v2_digital_self_replication.training.online_train — Epoch  10/10  loss=-1.902339  3.8s
11:52:11  INFO      v2_digital_self_replication.agent.digital_twin — Saved checkpoint: /tmp/tmplj7ni5da/supervised_best.pt
11:52:11  INFO      v2_digital_self_replication.training.online_train — Supervised training complete. Best loss: -1.902339
11:52:11  INFO      v2_digital_self_replication.training.online_train — Supervised training: 220 windows, 10 epochs
11:52:15  INFO      v2_digital_self_replication.training.online_train — Epoch   1/10  loss=0.192933  3.9s
11:52:15  INFO      v2_digital_self_replication.agent.digital_twin — Saved checkpoint: /tmp/tmptrihg3vy/supervised_best.pt
11:52:19  INFO      v2_digital_self_replication.training.online_train — Epoch   2/10  loss=-0.117909  3.8s
11:52:19  INFO      v2_digital_self_replication.agent.digital_twin — Saved checkpoint: /tmp/tmptrihg3vy/supervised_best.pt
11:52:23  INFO      v2_digital_self_replication.training.online_train — Epoch   3/10  loss=-0.495634  3.8s
11:52:23  INFO      v2_digital_self_replication.agent.digital_twin — Saved checkpoint: /tmp/tmptrihg3vy/supervised_best.pt
11:52:27  INFO      v2_digital_self_replication.training.online_train — Epoch   4/10  loss=-0.862442  3.8s
11:52:27  INFO      v2_digital_self_replication.agent.digital_twin — Saved checkpoint: /tmp/tmptrihg3vy/supervised_best.pt
11:52:31  INFO      v2_digital_self_replication.training.online_train — Epoch   5/10  loss=-1.267500  3.8s
11:52:31  INFO      v2_digital_self_replication.agent.digital_twin — Saved checkpoint: /tmp/tmptrihg3vy/supervised_best.pt
11:52:35  INFO      v2_digital_self_replication.training.online_train — Epoch   6/10  loss=-1.505750  3.9s
11:52:35  INFO      v2_digital_self_replication.agent.digital_twin — Saved checkpoint: /tmp/tmptrihg3vy/supervised_best.pt
11:52:38  INFO      v2_digital_self_replication.training.online_train — Epoch   7/10  loss=-1.531839  3.8s
11:52:38  INFO      v2_digital_self_replication.agent.digital_twin — Saved checkpoint: /tmp/tmptrihg3vy/supervised_best.pt
11:52:42  INFO      v2_digital_self_replication.training.online_train — Epoch   8/10  loss=-1.517282  3.8s
11:52:46  INFO      v2_digital_self_replication.training.online_train — Epoch   9/10  loss=-1.590402  3.6s
11:52:46  INFO      v2_digital_self_replication.agent.digital_twin — Saved checkpoint: /tmp/tmptrihg3vy/supervised_best.pt
11:52:50  INFO      v2_digital_self_replication.training.online_train — Epoch  10/10  loss=-1.587229  3.9s
11:52:50  INFO      v2_digital_self_replication.training.online_train — Supervised training complete. Best loss: -1.590402
/home/redleadr/workspace/noosphere/.venv/lib/python3.14/site-packages/sklearn/metrics/_classification.py:2924: UserWarning: y_pred contains classes not in y_true
  warnings.warn("y_pred contains classes not in y_true")
11:52:50  INFO      v2_digital_self_replication.agent.digital_twin — Loaded checkpoint: v2_digital_self_replication/checkpoints/supervised_best.pt (step 0)
/home/redleadr/workspace/noosphere/.venv/lib/python3.14/site-packages/sklearn/metrics/_classification.py:2924: UserWarning: y_pred contains classes not in y_true
  warnings.warn("y_pred contains classes not in y_true")
11:52:51  INFO      eval_loso —     fold 5/5
11:52:51  INFO      v2_digital_self_replication.agent.digital_twin — Loaded checkpoint: v2_digital_self_replication/checkpoints/supervised_best.pt (step 0)
11:52:51  INFO      v2_digital_self_replication.training.online_train — Supervised training: 224 windows, 10 epochs
11:52:55  INFO      v2_digital_self_replication.training.online_train — Epoch   1/10  loss=-0.625043  4.5s
11:52:55  INFO      v2_digital_self_replication.agent.digital_twin — Saved checkpoint: /tmp/tmp8wurqgee/supervised_best.pt
11:53:00  INFO      v2_digital_self_replication.training.online_train — Epoch   2/10  loss=-1.123581  4.6s
11:53:00  INFO      v2_digital_self_replication.agent.digital_twin — Saved checkpoint: /tmp/tmp8wurqgee/supervised_best.pt
11:53:04  INFO      v2_digital_self_replication.training.online_train — Epoch   3/10  loss=-1.532661  4.4s
11:53:04  INFO      v2_digital_self_replication.agent.digital_twin — Saved checkpoint: /tmp/tmp8wurqgee/supervised_best.pt
11:53:09  INFO      v2_digital_self_replication.training.online_train — Epoch   4/10  loss=-1.589432  4.4s
11:53:09  INFO      v2_digital_self_replication.agent.digital_twin — Saved checkpoint: /tmp/tmp8wurqgee/supervised_best.pt
11:53:13  INFO      v2_digital_self_replication.training.online_train — Epoch   5/10  loss=-1.591466  4.4s
11:53:13  INFO      v2_digital_self_replication.agent.digital_twin — Saved checkpoint: /tmp/tmp8wurqgee/supervised_best.pt
11:53:17  INFO      v2_digital_self_replication.training.online_train — Epoch   6/10  loss=-1.728515  4.4s
11:53:17  INFO      v2_digital_self_replication.agent.digital_twin — Saved checkpoint: /tmp/tmp8wurqgee/supervised_best.pt
11:53:22  INFO      v2_digital_self_replication.training.online_train — Epoch   7/10  loss=-1.934599  4.4s
11:53:22  INFO      v2_digital_self_replication.agent.digital_twin — Saved checkpoint: /tmp/tmp8wurqgee/supervised_best.pt
11:53:26  INFO      v2_digital_self_replication.training.online_train — Epoch   8/10  loss=-1.961418  4.5s
11:53:26  INFO      v2_digital_self_replication.agent.digital_twin — Saved checkpoint: /tmp/tmp8wurqgee/supervised_best.pt
11:53:31  INFO      v2_digital_self_replication.training.online_train — Epoch   9/10  loss=-2.009525  4.6s
11:53:31  INFO      v2_digital_self_replication.agent.digital_twin — Saved checkpoint: /tmp/tmp8wurqgee/supervised_best.pt
11:53:35  INFO      v2_digital_self_replication.training.online_train — Epoch  10/10  loss=-2.042793  4.5s
11:53:35  INFO      v2_digital_self_replication.agent.digital_twin — Saved checkpoint: /tmp/tmp8wurqgee/supervised_best.pt
11:53:35  INFO      v2_digital_self_replication.training.online_train — Supervised training complete. Best loss: -2.042793
11:53:36  INFO      v2_digital_self_replication.training.online_train — Supervised training: 224 windows, 10 epochs
11:53:40  INFO      v2_digital_self_replication.training.online_train — Epoch   1/10  loss=0.139903  4.5s
11:53:40  INFO      v2_digital_self_replication.agent.digital_twin — Saved checkpoint: /tmp/tmpj940fdzm/supervised_best.pt
11:53:45  INFO      v2_digital_self_replication.training.online_train — Epoch   2/10  loss=-0.241225  4.7s
11:53:45  INFO      v2_digital_self_replication.agent.digital_twin — Saved checkpoint: /tmp/tmpj940fdzm/supervised_best.pt
11:53:49  INFO      v2_digital_self_replication.training.online_train — Epoch   3/10  loss=-0.718123  4.6s
11:53:49  INFO      v2_digital_self_replication.agent.digital_twin — Saved checkpoint: /tmp/tmpj940fdzm/supervised_best.pt
11:53:54  INFO      v2_digital_self_replication.training.online_train — Epoch   4/10  loss=-1.261031  4.5s
11:53:54  INFO      v2_digital_self_replication.agent.digital_twin — Saved checkpoint: /tmp/tmpj940fdzm/supervised_best.pt
11:53:59  INFO      v2_digital_self_replication.training.online_train — Epoch   5/10  loss=-1.419314  4.6s
11:53:59  INFO      v2_digital_self_replication.agent.digital_twin — Saved checkpoint: /tmp/tmpj940fdzm/supervised_best.pt
11:54:03  INFO      v2_digital_self_replication.training.online_train — Epoch   6/10  loss=-0.733084  4.4s
11:54:07  INFO      v2_digital_self_replication.training.online_train — Epoch   7/10  loss=-1.341410  4.5s
11:54:12  INFO      v2_digital_self_replication.training.online_train — Epoch   8/10  loss=-1.355286  4.5s
11:54:16  INFO      v2_digital_self_replication.training.online_train — Epoch   9/10  loss=-1.569396  4.5s
11:54:16  INFO      v2_digital_self_replication.agent.digital_twin — Saved checkpoint: /tmp/tmpj940fdzm/supervised_best.pt
11:54:21  INFO      v2_digital_self_replication.training.online_train — Epoch  10/10  loss=-1.678234  4.5s
11:54:21  INFO      v2_digital_self_replication.agent.digital_twin — Saved checkpoint: /tmp/tmpj940fdzm/supervised_best.pt
11:54:21  INFO      v2_digital_self_replication.training.online_train — Supervised training complete. Best loss: -1.678234
/home/redleadr/workspace/noosphere/.venv/lib/python3.14/site-packages/sklearn/metrics/_classification.py:2924: UserWarning: y_pred contains classes not in y_true
  warnings.warn("y_pred contains classes not in y_true")
11:54:21  INFO      v2_digital_self_replication.agent.digital_twin — Loaded checkpoint: v2_digital_self_replication/checkpoints/supervised_best.pt (step 0)
/home/redleadr/workspace/noosphere/.venv/lib/python3.14/site-packages/sklearn/metrics/_classification.py:2924: UserWarning: y_pred contains classes not in y_true
  warnings.warn("y_pred contains classes not in y_true")
11:54:22  INFO      eval_loso —   ↳ Subject 1 jepa_ft=33.3%  (running mean: 33.3±0.0%)
11:54:22  INFO      eval_loso — ══ Subject 2 ══
11:54:22  INFO      v2_digital_self_replication.data.real_eeg — Loading subject 2 …
11:54:22  INFO      v2_digital_self_replication.data.real_eeg —   Subject 2: 14 trials
11:54:22  INFO      v2_digital_self_replication.data.real_eeg —   Subject 2: 14 trials
11:54:22  INFO      v2_digital_self_replication.data.real_eeg —   Subject 2: 14 trials
11:54:22  INFO      v2_digital_self_replication.data.real_eeg —   Subject 2: 7 trials
11:54:22  INFO      v2_digital_self_replication.data.real_eeg —   Subject 2: 7 trials
11:54:22  INFO      v2_digital_self_replication.data.real_eeg —   Subject 2: 7 trials
11:54:22  INFO      v2_digital_self_replication.data.real_eeg — Total: 63 trials  shape=(63, 1025, 21)
11:54:22  INFO      eval_loso —   Trials: 63  shape: (63, 1025, 21)
11:54:22  INFO      eval_loso —     fold 1/5
11:54:22  INFO      v2_digital_self_replication.agent.digital_twin — Loaded checkpoint: v2_digital_self_replication/checkpoints/supervised_best.pt (step 0)
11:54:22  INFO      v2_digital_self_replication.training.online_train — Supervised training: 200 windows, 10 epochs
11:54:26  INFO      v2_digital_self_replication.training.online_train — Epoch   1/10  loss=-0.578871  3.9s
11:54:26  INFO      v2_digital_self_replication.agent.digital_twin — Saved checkpoint: /tmp/tmp4de4i7j9/supervised_best.pt
11:54:30  INFO      v2_digital_self_replication.training.online_train — Epoch   2/10  loss=-1.020650  3.9s
11:54:30  INFO      v2_digital_self_replication.agent.digital_twin — Saved checkpoint: /tmp/tmp4de4i7j9/supervised_best.pt
11:54:34  INFO      v2_digital_self_replication.training.online_train — Epoch   3/10  loss=-1.399025  4.0s
11:54:34  INFO      v2_digital_self_replication.agent.digital_twin — Saved checkpoint: /tmp/tmp4de4i7j9/supervised_best.pt
11:54:38  INFO      v2_digital_self_replication.training.online_train — Epoch   4/10  loss=-1.538495  4.2s
11:54:38  INFO      v2_digital_self_replication.agent.digital_twin — Saved checkpoint: /tmp/tmp4de4i7j9/supervised_best.pt
11:54:42  INFO      v2_digital_self_replication.training.online_train — Epoch   5/10  loss=-1.706908  3.9s
11:54:42  INFO      v2_digital_self_replication.agent.digital_twin — Saved checkpoint: /tmp/tmp4de4i7j9/supervised_best.pt
11:54:46  INFO      v2_digital_self_replication.training.online_train — Epoch   6/10  loss=-1.809048  3.9s
11:54:46  INFO      v2_digital_self_replication.agent.digital_twin — Saved checkpoint: /tmp/tmp4de4i7j9/supervised_best.pt
11:54:50  INFO      v2_digital_self_replication.training.online_train — Epoch   7/10  loss=-1.865103  3.9s
11:54:50  INFO      v2_digital_self_replication.agent.digital_twin — Saved checkpoint: /tmp/tmp4de4i7j9/supervised_best.pt
11:54:54  INFO      v2_digital_self_replication.training.online_train — Epoch   8/10  loss=-1.843485  3.9s
11:54:58  INFO      v2_digital_self_replication.training.online_train — Epoch   9/10  loss=-1.762193  4.1s
11:55:02  INFO      v2_digital_self_replication.training.online_train — Epoch  10/10  loss=-1.897116  3.9s
11:55:02  INFO      v2_digital_self_replication.agent.digital_twin — Saved checkpoint: /tmp/tmp4de4i7j9/supervised_best.pt
11:55:02  INFO      v2_digital_self_replication.training.online_train — Supervised training complete. Best loss: -1.897116
11:55:02  INFO      v2_digital_self_replication.training.online_train — Supervised training: 200 windows, 10 epochs
11:55:06  INFO      v2_digital_self_replication.training.online_train — Epoch   1/10  loss=0.148550  3.9s
11:55:06  INFO      v2_digital_self_replication.agent.digital_twin — Saved checkpoint: /tmp/tmpnfgan6q8/supervised_best.pt
11:55:10  INFO      v2_digital_self_replication.training.online_train — Epoch   2/10  loss=-0.131208  4.0s
11:55:10  INFO      v2_digital_self_replication.agent.digital_twin — Saved checkpoint: /tmp/tmpnfgan6q8/supervised_best.pt
11:55:14  INFO      v2_digital_self_replication.training.online_train — Epoch   3/10  loss=-0.480314  4.0s
11:55:14  INFO      v2_digital_self_replication.agent.digital_twin — Saved checkpoint: /tmp/tmpnfgan6q8/supervised_best.pt
11:55:18  INFO      v2_digital_self_replication.training.online_train — Epoch   4/10  loss=-0.871321  4.0s
11:55:18  INFO      v2_digital_self_replication.agent.digital_twin — Saved checkpoint: /tmp/tmpnfgan6q8/supervised_best.pt
11:55:22  INFO      v2_digital_self_replication.training.online_train — Epoch   5/10  loss=-1.282434  4.1s
11:55:22  INFO      v2_digital_self_replication.agent.digital_twin — Saved checkpoint: /tmp/tmpnfgan6q8/supervised_best.pt
11:55:27  INFO      v2_digital_self_replication.training.online_train — Epoch   6/10  loss=-1.446737  4.2s
11:55:27  INFO      v2_digital_self_replication.agent.digital_twin — Saved checkpoint: /tmp/tmpnfgan6q8/supervised_best.pt
11:55:31  INFO      v2_digital_self_replication.training.online_train — Epoch   7/10  loss=-1.395474  4.1s
11:55:35  INFO      v2_digital_self_replication.training.online_train — Epoch   8/10  loss=-1.464447  4.0s
11:55:35  INFO      v2_digital_self_replication.agent.digital_twin — Saved checkpoint: /tmp/tmpnfgan6q8/supervised_best.pt
11:55:39  INFO      v2_digital_self_replication.training.online_train — Epoch   9/10  loss=-1.664264  3.9s
11:55:39  INFO      v2_digital_self_replication.agent.digital_twin — Saved checkpoint: /tmp/tmpnfgan6q8/supervised_best.pt
11:55:42  INFO      v2_digital_self_replication.training.online_train — Epoch  10/10  loss=-1.688218  3.9s
11:55:42  INFO      v2_digital_self_replication.agent.digital_twin — Saved checkpoint: /tmp/tmpnfgan6q8/supervised_best.pt
11:55:42  INFO      v2_digital_self_replication.training.online_train — Supervised training complete. Best loss: -1.688218
11:55:43  INFO      v2_digital_self_replication.agent.digital_twin — Loaded checkpoint: v2_digital_self_replication/checkpoints/supervised_best.pt (step 0)
/home/redleadr/workspace/noosphere/.venv/lib/python3.14/site-packages/sklearn/metrics/_classification.py:2924: UserWarning: y_pred contains classes not in y_true
  warnings.warn("y_pred contains classes not in y_true")
11:55:43  INFO      eval_loso —     fold 2/5
11:55:43  INFO      v2_digital_self_replication.agent.digital_twin — Loaded checkpoint: v2_digital_self_replication/checkpoints/supervised_best.pt (step 0)
11:55:43  INFO      v2_digital_self_replication.training.online_train — Supervised training: 200 windows, 10 epochs
11:55:47  INFO      v2_digital_self_replication.training.online_train — Epoch   1/10  loss=-0.580593  3.7s
11:55:47  INFO      v2_digital_self_replication.agent.digital_twin — Saved checkpoint: /tmp/tmp8g4e5p83/supervised_best.pt
11:55:51  INFO      v2_digital_self_replication.training.online_train — Epoch   2/10  loss=-1.009151  3.7s
11:55:51  INFO      v2_digital_self_replication.agent.digital_twin — Saved checkpoint: /tmp/tmp8g4e5p83/supervised_best.pt
11:55:54  INFO      v2_digital_self_replication.training.online_train — Epoch   3/10  loss=-1.405516  3.8s
11:55:54  INFO      v2_digital_self_replication.agent.digital_twin — Saved checkpoint: /tmp/tmp8g4e5p83/supervised_best.pt
11:55:59  INFO      v2_digital_self_replication.training.online_train — Epoch   4/10  loss=-1.667998  4.1s
11:55:59  INFO      v2_digital_self_replication.agent.digital_twin — Saved checkpoint: /tmp/tmp8g4e5p83/supervised_best.pt
11:56:03  INFO      v2_digital_self_replication.training.online_train — Epoch   5/10  loss=-1.835207  4.0s
11:56:03  INFO      v2_digital_self_replication.agent.digital_twin — Saved checkpoint: /tmp/tmp8g4e5p83/supervised_best.pt
11:56:06  INFO      v2_digital_self_replication.training.online_train — Epoch   6/10  loss=-1.681937  3.7s
11:56:10  INFO      v2_digital_self_replication.training.online_train — Epoch   7/10  loss=-1.681754  4.0s
11:56:14  INFO      v2_digital_self_replication.training.online_train — Epoch   8/10  loss=-1.893253  3.8s
11:56:14  INFO      v2_digital_self_replication.agent.digital_twin — Saved checkpoint: /tmp/tmp8g4e5p83/supervised_best.pt
11:56:18  INFO      v2_digital_self_replication.training.online_train — Epoch   9/10  loss=-1.927156  3.7s
11:56:18  INFO      v2_digital_self_replication.agent.digital_twin — Saved checkpoint: /tmp/tmp8g4e5p83/supervised_best.pt
11:56:22  INFO      v2_digital_self_replication.training.online_train — Epoch  10/10  loss=-1.554874  3.9s
11:56:22  INFO      v2_digital_self_replication.training.online_train — Supervised training complete. Best loss: -1.927156
11:56:22  INFO      v2_digital_self_replication.training.online_train — Supervised training: 200 windows, 10 epochs
11:56:26  INFO      v2_digital_self_replication.training.online_train — Epoch   1/10  loss=0.277717  3.9s
11:56:26  INFO      v2_digital_self_replication.agent.digital_twin — Saved checkpoint: /tmp/tmpzcjt7_a0/supervised_best.pt
11:56:30  INFO      v2_digital_self_replication.training.online_train — Epoch   2/10  loss=-0.019433  3.9s
11:56:30  INFO      v2_digital_self_replication.agent.digital_twin — Saved checkpoint: /tmp/tmpzcjt7_a0/supervised_best.pt
11:56:34  INFO      v2_digital_self_replication.training.online_train — Epoch   3/10  loss=-0.390239  3.9s
11:56:34  INFO      v2_digital_self_replication.agent.digital_twin — Saved checkpoint: /tmp/tmpzcjt7_a0/supervised_best.pt
11:56:38  INFO      v2_digital_self_replication.training.online_train — Epoch   4/10  loss=-0.813696  4.0s
11:56:38  INFO      v2_digital_self_replication.agent.digital_twin — Saved checkpoint: /tmp/tmpzcjt7_a0/supervised_best.pt
11:56:42  INFO      v2_digital_self_replication.training.online_train — Epoch   5/10  loss=-1.217235  4.0s
11:56:42  INFO      v2_digital_self_replication.agent.digital_twin — Saved checkpoint: /tmp/tmpzcjt7_a0/supervised_best.pt
11:56:45  INFO      v2_digital_self_replication.training.online_train — Epoch   6/10  loss=-1.398943  3.8s
11:56:45  INFO      v2_digital_self_replication.agent.digital_twin — Saved checkpoint: /tmp/tmpzcjt7_a0/supervised_best.pt
11:56:49  INFO      v2_digital_self_replication.training.online_train — Epoch   7/10  loss=-1.319309  3.9s
11:56:53  INFO      v2_digital_self_replication.training.online_train — Epoch   8/10  loss=-1.010742  4.0s
11:56:57  INFO      v2_digital_self_replication.training.online_train — Epoch   9/10  loss=-1.420300  3.9s
11:56:57  INFO      v2_digital_self_replication.agent.digital_twin — Saved checkpoint: /tmp/tmpzcjt7_a0/supervised_best.pt
11:57:01  INFO      v2_digital_self_replication.training.online_train — Epoch  10/10  loss=-1.464594  3.9s
11:57:01  INFO      v2_digital_self_replication.agent.digital_twin — Saved checkpoint: /tmp/tmpzcjt7_a0/supervised_best.pt
11:57:01  INFO      v2_digital_self_replication.training.online_train — Supervised training complete. Best loss: -1.464594
/home/redleadr/workspace/noosphere/.venv/lib/python3.14/site-packages/sklearn/metrics/_classification.py:2924: UserWarning: y_pred contains classes not in y_true
  warnings.warn("y_pred contains classes not in y_true")
11:57:01  INFO      v2_digital_self_replication.agent.digital_twin — Loaded checkpoint: v2_digital_self_replication/checkpoints/supervised_best.pt (step 0)
/home/redleadr/workspace/noosphere/.venv/lib/python3.14/site-packages/sklearn/metrics/_classification.py:2924: UserWarning: y_pred contains classes not in y_true
  warnings.warn("y_pred contains classes not in y_true")
11:57:02  INFO      eval_loso —     fold 3/5
11:57:02  INFO      v2_digital_self_replication.agent.digital_twin — Loaded checkpoint: v2_digital_self_replication/checkpoints/supervised_best.pt (step 0)
11:57:02  INFO      v2_digital_self_replication.training.online_train — Supervised training: 200 windows, 10 epochs
11:57:06  INFO      v2_digital_self_replication.training.online_train — Epoch   1/10  loss=-0.580196  3.8s
11:57:06  INFO      v2_digital_self_replication.agent.digital_twin — Saved checkpoint: /tmp/tmpdj73lrew/supervised_best.pt
11:57:10  INFO      v2_digital_self_replication.training.online_train — Epoch   2/10  loss=-1.021030  4.0s
11:57:10  INFO      v2_digital_self_replication.agent.digital_twin — Saved checkpoint: /tmp/tmpdj73lrew/supervised_best.pt
11:57:14  INFO      v2_digital_self_replication.training.online_train — Epoch   3/10  loss=-1.418449  3.8s
11:57:14  INFO      v2_digital_self_replication.agent.digital_twin — Saved checkpoint: /tmp/tmpdj73lrew/supervised_best.pt
11:57:17  INFO      v2_digital_self_replication.training.online_train — Epoch   4/10  loss=-1.653828  3.9s
11:57:17  INFO      v2_digital_self_replication.agent.digital_twin — Saved checkpoint: /tmp/tmpdj73lrew/supervised_best.pt
11:57:21  INFO      v2_digital_self_replication.training.online_train — Epoch   5/10  loss=-1.789825  3.9s
11:57:21  INFO      v2_digital_self_replication.agent.digital_twin — Saved checkpoint: /tmp/tmpdj73lrew/supervised_best.pt
11:57:25  INFO      v2_digital_self_replication.training.online_train — Epoch   6/10  loss=-1.765888  3.8s
11:57:29  INFO      v2_digital_self_replication.training.online_train — Epoch   7/10  loss=-1.636803  3.8s
11:57:33  INFO      v2_digital_self_replication.training.online_train — Epoch   8/10  loss=-1.948649  3.8s
11:57:33  INFO      v2_digital_self_replication.agent.digital_twin — Saved checkpoint: /tmp/tmpdj73lrew/supervised_best.pt
11:57:37  INFO      v2_digital_self_replication.training.online_train — Epoch   9/10  loss=-2.025829  3.8s
11:57:37  INFO      v2_digital_self_replication.agent.digital_twin — Saved checkpoint: /tmp/tmpdj73lrew/supervised_best.pt
11:57:40  INFO      v2_digital_self_replication.training.online_train — Epoch  10/10  loss=-1.988317  3.9s
11:57:40  INFO      v2_digital_self_replication.training.online_train — Supervised training complete. Best loss: -2.025829
11:57:41  INFO      v2_digital_self_replication.training.online_train — Supervised training: 200 windows, 10 epochs
11:57:44  INFO      v2_digital_self_replication.training.online_train — Epoch   1/10  loss=0.180511  3.8s
11:57:44  INFO      v2_digital_self_replication.agent.digital_twin — Saved checkpoint: /tmp/tmpbnmqakcu/supervised_best.pt
11:57:48  INFO      v2_digital_self_replication.training.online_train — Epoch   2/10  loss=-0.088266  3.9s
11:57:48  INFO      v2_digital_self_replication.agent.digital_twin — Saved checkpoint: /tmp/tmpbnmqakcu/supervised_best.pt
11:57:52  INFO      v2_digital_self_replication.training.online_train — Epoch   3/10  loss=-0.363876  3.8s
11:57:52  INFO      v2_digital_self_replication.agent.digital_twin — Saved checkpoint: /tmp/tmpbnmqakcu/supervised_best.pt
11:57:56  INFO      v2_digital_self_replication.training.online_train — Epoch   4/10  loss=-0.711280  3.8s
11:57:56  INFO      v2_digital_self_replication.agent.digital_twin — Saved checkpoint: /tmp/tmpbnmqakcu/supervised_best.pt
11:58:00  INFO      v2_digital_self_replication.training.online_train — Epoch   5/10  loss=-1.073891  3.8s
11:58:00  INFO      v2_digital_self_replication.agent.digital_twin — Saved checkpoint: /tmp/tmpbnmqakcu/supervised_best.pt
11:58:04  INFO      v2_digital_self_replication.training.online_train — Epoch   6/10  loss=-1.349937  3.9s
11:58:04  INFO      v2_digital_self_replication.agent.digital_twin — Saved checkpoint: /tmp/tmpbnmqakcu/supervised_best.pt
11:58:07  INFO      v2_digital_self_replication.training.online_train — Epoch   7/10  loss=-1.323129  3.8s
11:58:11  INFO      v2_digital_self_replication.training.online_train — Epoch   8/10  loss=-1.564643  3.9s
11:58:11  INFO      v2_digital_self_replication.agent.digital_twin — Saved checkpoint: /tmp/tmpbnmqakcu/supervised_best.pt
11:58:15  INFO      v2_digital_self_replication.training.online_train — Epoch   9/10  loss=-1.625457  3.9s
11:58:15  INFO      v2_digital_self_replication.agent.digital_twin — Saved checkpoint: /tmp/tmpbnmqakcu/supervised_best.pt
11:58:19  INFO      v2_digital_self_replication.training.online_train — Epoch  10/10  loss=-1.805816  3.9s
11:58:19  INFO      v2_digital_self_replication.agent.digital_twin — Saved checkpoint: /tmp/tmpbnmqakcu/supervised_best.pt
11:58:19  INFO      v2_digital_self_replication.training.online_train — Supervised training complete. Best loss: -1.805816
11:58:19  INFO      v2_digital_self_replication.agent.digital_twin — Loaded checkpoint: v2_digital_self_replication/checkpoints/supervised_best.pt (step 0)
/home/redleadr/workspace/noosphere/.venv/lib/python3.14/site-packages/sklearn/metrics/_classification.py:2924: UserWarning: y_pred contains classes not in y_true
  warnings.warn("y_pred contains classes not in y_true")
11:58:20  INFO      eval_loso —     fold 4/5
11:58:20  INFO      v2_digital_self_replication.agent.digital_twin — Loaded checkpoint: v2_digital_self_replication/checkpoints/supervised_best.pt (step 0)
11:58:20  INFO      v2_digital_self_replication.training.online_train — Supervised training: 204 windows, 10 epochs
11:58:24  INFO      v2_digital_self_replication.training.online_train — Epoch   1/10  loss=-0.585204  3.9s
11:58:24  INFO      v2_digital_self_replication.agent.digital_twin — Saved checkpoint: /tmp/tmp8gnne0bp/supervised_best.pt
11:58:28  INFO      v2_digital_self_replication.training.online_train — Epoch   2/10  loss=-1.013814  3.9s
11:58:28  INFO      v2_digital_self_replication.agent.digital_twin — Saved checkpoint: /tmp/tmp8gnne0bp/supervised_best.pt
11:58:31  INFO      v2_digital_self_replication.training.online_train — Epoch   3/10  loss=-1.407302  3.9s
11:58:31  INFO      v2_digital_self_replication.agent.digital_twin — Saved checkpoint: /tmp/tmp8gnne0bp/supervised_best.pt
11:58:35  INFO      v2_digital_self_replication.training.online_train — Epoch   4/10  loss=-1.657996  3.9s
11:58:35  INFO      v2_digital_self_replication.agent.digital_twin — Saved checkpoint: /tmp/tmp8gnne0bp/supervised_best.pt
11:58:39  INFO      v2_digital_self_replication.training.online_train — Epoch   5/10  loss=-1.810577  3.9s
11:58:39  INFO      v2_digital_self_replication.agent.digital_twin — Saved checkpoint: /tmp/tmp8gnne0bp/supervised_best.pt
11:58:43  INFO      v2_digital_self_replication.training.online_train — Epoch   6/10  loss=-1.852384  4.0s
11:58:43  INFO      v2_digital_self_replication.agent.digital_twin — Saved checkpoint: /tmp/tmp8gnne0bp/supervised_best.pt
11:58:47  INFO      v2_digital_self_replication.training.online_train — Epoch   7/10  loss=-1.788019  3.9s
11:58:51  INFO      v2_digital_self_replication.training.online_train — Epoch   8/10  loss=-1.922370  4.0s
11:58:51  INFO      v2_digital_self_replication.agent.digital_twin — Saved checkpoint: /tmp/tmp8gnne0bp/supervised_best.pt
11:58:55  INFO      v2_digital_self_replication.training.online_train — Epoch   9/10  loss=-1.991601  4.0s
11:58:55  INFO      v2_digital_self_replication.agent.digital_twin — Saved checkpoint: /tmp/tmp8gnne0bp/supervised_best.pt
11:58:59  INFO      v2_digital_self_replication.training.online_train — Epoch  10/10  loss=-1.920618  4.1s
11:58:59  INFO      v2_digital_self_replication.training.online_train — Supervised training complete. Best loss: -1.991601
11:58:59  INFO      v2_digital_self_replication.training.online_train — Supervised training: 204 windows, 10 epochs
11:59:03  INFO      v2_digital_self_replication.training.online_train — Epoch   1/10  loss=0.264871  3.9s
11:59:03  INFO      v2_digital_self_replication.agent.digital_twin — Saved checkpoint: /tmp/tmp25b1mccb/supervised_best.pt
11:59:08  INFO      v2_digital_self_replication.training.online_train — Epoch   2/10  loss=-0.043770  4.2s
11:59:08  INFO      v2_digital_self_replication.agent.digital_twin — Saved checkpoint: /tmp/tmp25b1mccb/supervised_best.pt
11:59:12  INFO      v2_digital_self_replication.training.online_train — Epoch   3/10  loss=-0.426701  4.0s
11:59:12  INFO      v2_digital_self_replication.agent.digital_twin — Saved checkpoint: /tmp/tmp25b1mccb/supervised_best.pt
11:59:15  INFO      v2_digital_self_replication.training.online_train — Epoch   4/10  loss=-0.770469  3.7s
11:59:15  INFO      v2_digital_self_replication.agent.digital_twin — Saved checkpoint: /tmp/tmp25b1mccb/supervised_best.pt
11:59:19  INFO      v2_digital_self_replication.training.online_train — Epoch   5/10  loss=-1.011460  3.8s
11:59:19  INFO      v2_digital_self_replication.agent.digital_twin — Saved checkpoint: /tmp/tmp25b1mccb/supervised_best.pt
11:59:23  INFO      v2_digital_self_replication.training.online_train — Epoch   6/10  loss=-0.630470  3.8s
11:59:27  INFO      v2_digital_self_replication.training.online_train — Epoch   7/10  loss=-0.229904  3.9s
11:59:31  INFO      v2_digital_self_replication.training.online_train — Epoch   8/10  loss=-0.965810  3.8s
11:59:34  INFO      v2_digital_self_replication.training.online_train — Epoch   9/10  loss=-1.382924  3.7s
11:59:34  INFO      v2_digital_self_replication.agent.digital_twin — Saved checkpoint: /tmp/tmp25b1mccb/supervised_best.pt
11:59:38  INFO      v2_digital_self_replication.training.online_train — Epoch  10/10  loss=-1.468586  3.9s
11:59:38  INFO      v2_digital_self_replication.agent.digital_twin — Saved checkpoint: /tmp/tmp25b1mccb/supervised_best.pt
11:59:38  INFO      v2_digital_self_replication.training.online_train — Supervised training complete. Best loss: -1.468586
11:59:38  INFO      v2_digital_self_replication.agent.digital_twin — Loaded checkpoint: v2_digital_self_replication/checkpoints/supervised_best.pt (step 0)
/home/redleadr/workspace/noosphere/.venv/lib/python3.14/site-packages/sklearn/metrics/_classification.py:2924: UserWarning: y_pred contains classes not in y_true
  warnings.warn("y_pred contains classes not in y_true")
11:59:39  INFO      eval_loso —     fold 5/5
11:59:39  INFO      v2_digital_self_replication.agent.digital_twin — Loaded checkpoint: v2_digital_self_replication/checkpoints/supervised_best.pt (step 0)
11:59:39  INFO      v2_digital_self_replication.training.online_train — Supervised training: 204 windows, 10 epochs
11:59:43  INFO      v2_digital_self_replication.training.online_train — Epoch   1/10  loss=-0.577840  3.7s
11:59:43  INFO      v2_digital_self_replication.agent.digital_twin — Saved checkpoint: /tmp/tmpcrr41qss/supervised_best.pt
11:59:47  INFO      v2_digital_self_replication.training.online_train — Epoch   2/10  loss=-1.010428  3.9s
11:59:47  INFO      v2_digital_self_replication.agent.digital_twin — Saved checkpoint: /tmp/tmpcrr41qss/supervised_best.pt
11:59:51  INFO      v2_digital_self_replication.training.online_train — Epoch   3/10  loss=-1.415794  3.8s
11:59:51  INFO      v2_digital_self_replication.agent.digital_twin — Saved checkpoint: /tmp/tmpcrr41qss/supervised_best.pt
11:59:54  INFO      v2_digital_self_replication.training.online_train — Epoch   4/10  loss=-1.664268  3.9s
11:59:54  INFO      v2_digital_self_replication.agent.digital_twin — Saved checkpoint: /tmp/tmpcrr41qss/supervised_best.pt
11:59:58  INFO      v2_digital_self_replication.training.online_train — Epoch   5/10  loss=-1.726012  3.8s
11:59:58  INFO      v2_digital_self_replication.agent.digital_twin — Saved checkpoint: /tmp/tmpcrr41qss/supervised_best.pt
12:00:02  INFO      v2_digital_self_replication.training.online_train — Epoch   6/10  loss=-1.594857  3.8s
12:00:06  INFO      v2_digital_self_replication.training.online_train — Epoch   7/10  loss=-1.806256  3.8s
12:00:06  INFO      v2_digital_self_replication.agent.digital_twin — Saved checkpoint: /tmp/tmpcrr41qss/supervised_best.pt
12:00:10  INFO      v2_digital_self_replication.training.online_train — Epoch   8/10  loss=-1.875265  3.9s
12:00:10  INFO      v2_digital_self_replication.agent.digital_twin — Saved checkpoint: /tmp/tmpcrr41qss/supervised_best.pt
12:00:14  INFO      v2_digital_self_replication.training.online_train — Epoch   9/10  loss=-1.975071  3.9s
12:00:14  INFO      v2_digital_self_replication.agent.digital_twin — Saved checkpoint: /tmp/tmpcrr41qss/supervised_best.pt
12:00:17  INFO      v2_digital_self_replication.training.online_train — Epoch  10/10  loss=-2.001204  3.8s
12:00:17  INFO      v2_digital_self_replication.agent.digital_twin — Saved checkpoint: /tmp/tmpcrr41qss/supervised_best.pt
12:00:17  INFO      v2_digital_self_replication.training.online_train — Supervised training complete. Best loss: -2.001204
12:00:18  INFO      v2_digital_self_replication.training.online_train — Supervised training: 204 windows, 10 epochs
12:00:21  INFO      v2_digital_self_replication.training.online_train — Epoch   1/10  loss=0.201971  3.9s
12:00:21  INFO      v2_digital_self_replication.agent.digital_twin — Saved checkpoint: /tmp/tmpajqqmd47/supervised_best.pt
12:00:25  INFO      v2_digital_self_replication.training.online_train — Epoch   2/10  loss=-0.097870  3.9s
12:00:25  INFO      v2_digital_self_replication.agent.digital_twin — Saved checkpoint: /tmp/tmpajqqmd47/supervised_best.pt
12:00:29  INFO      v2_digital_self_replication.training.online_train — Epoch   3/10  loss=-0.396071  4.1s
12:00:29  INFO      v2_digital_self_replication.agent.digital_twin — Saved checkpoint: /tmp/tmpajqqmd47/supervised_best.pt
12:00:33  INFO      v2_digital_self_replication.training.online_train — Epoch   4/10  loss=-0.761752  4.0s
12:00:33  INFO      v2_digital_self_replication.agent.digital_twin — Saved checkpoint: /tmp/tmpajqqmd47/supervised_best.pt
12:00:37  INFO      v2_digital_self_replication.training.online_train — Epoch   5/10  loss=-1.189049  3.9s
12:00:37  INFO      v2_digital_self_replication.agent.digital_twin — Saved checkpoint: /tmp/tmpajqqmd47/supervised_best.pt
12:00:41  INFO      v2_digital_self_replication.training.online_train — Epoch   6/10  loss=-1.369558  3.9s
12:00:41  INFO      v2_digital_self_replication.agent.digital_twin — Saved checkpoint: /tmp/tmpajqqmd47/supervised_best.pt
12:00:45  INFO      v2_digital_self_replication.training.online_train — Epoch   7/10  loss=-1.226594  3.8s
12:00:49  INFO      v2_digital_self_replication.training.online_train — Epoch   8/10  loss=-1.197515  3.9s
12:00:53  INFO      v2_digital_self_replication.training.online_train — Epoch   9/10  loss=-1.503768  3.8s
12:00:53  INFO      v2_digital_self_replication.agent.digital_twin — Saved checkpoint: /tmp/tmpajqqmd47/supervised_best.pt
12:00:57  INFO      v2_digital_self_replication.training.online_train — Epoch  10/10  loss=-1.087333  3.9s
12:00:57  INFO      v2_digital_self_replication.training.online_train — Supervised training complete. Best loss: -1.503768
12:00:57  INFO      v2_digital_self_replication.agent.digital_twin — Loaded checkpoint: v2_digital_self_replication/checkpoints/supervised_best.pt (step 0)
/home/redleadr/workspace/noosphere/.venv/lib/python3.14/site-packages/sklearn/metrics/_classification.py:2924: UserWarning: y_pred contains classes not in y_true
  warnings.warn("y_pred contains classes not in y_true")
12:00:57  INFO      eval_loso —   ↳ Subject 2 jepa_ft=33.3%  (running mean: 33.3±0.0%)
12:00:57  INFO      eval_loso — ══ Subject 3 ══
12:00:57  INFO      v2_digital_self_replication.data.real_eeg — Loading subject 3 …
12:00:58  INFO      v2_digital_self_replication.data.real_eeg —   Subject 3: 15 trials
12:00:58  INFO      v2_digital_self_replication.data.real_eeg —   Subject 3: 15 trials
12:00:58  INFO      v2_digital_self_replication.data.real_eeg —   Subject 3: 15 trials
12:00:58  INFO      v2_digital_self_replication.data.real_eeg —   Subject 3: 8 trials
12:00:58  INFO      v2_digital_self_replication.data.real_eeg —   Subject 3: 8 trials
12:00:58  INFO      v2_digital_self_replication.data.real_eeg —   Subject 3: 8 trials
12:00:58  INFO      v2_digital_self_replication.data.real_eeg — Total: 69 trials  shape=(69, 1025, 21)
12:00:58  INFO      eval_loso —   Trials: 69  shape: (69, 1025, 21)
12:00:58  INFO      eval_loso —     fold 1/5
12:00:58  INFO      v2_digital_self_replication.agent.digital_twin — Loaded checkpoint: v2_digital_self_replication/checkpoints/supervised_best.pt (step 0)
12:00:58  INFO      v2_digital_self_replication.training.online_train — Supervised training: 220 windows, 10 epochs
12:01:02  INFO      v2_digital_self_replication.training.online_train — Epoch   1/10  loss=-0.588875  3.9s
12:01:02  INFO      v2_digital_self_replication.agent.digital_twin — Saved checkpoint: /tmp/tmpp5xrioi0/supervised_best.pt
12:01:06  INFO      v2_digital_self_replication.training.online_train — Epoch   2/10  loss=-1.022235  3.9s
12:01:06  INFO      v2_digital_self_replication.agent.digital_twin — Saved checkpoint: /tmp/tmpp5xrioi0/supervised_best.pt
12:01:10  INFO      v2_digital_self_replication.training.online_train — Epoch   3/10  loss=-1.411360  3.9s
12:01:10  INFO      v2_digital_self_replication.agent.digital_twin — Saved checkpoint: /tmp/tmpp5xrioi0/supervised_best.pt
12:01:14  INFO      v2_digital_self_replication.training.online_train — Epoch   4/10  loss=-1.665503  3.9s
12:01:14  INFO      v2_digital_self_replication.agent.digital_twin — Saved checkpoint: /tmp/tmpp5xrioi0/supervised_best.pt
12:01:18  INFO      v2_digital_self_replication.training.online_train — Epoch   5/10  loss=-1.759932  3.8s
12:01:18  INFO      v2_digital_self_replication.agent.digital_twin — Saved checkpoint: /tmp/tmpp5xrioi0/supervised_best.pt
12:01:21  INFO      v2_digital_self_replication.training.online_train — Epoch   6/10  loss=-1.782698  3.8s
12:01:21  INFO      v2_digital_self_replication.agent.digital_twin — Saved checkpoint: /tmp/tmpp5xrioi0/supervised_best.pt
12:01:25  INFO      v2_digital_self_replication.training.online_train — Epoch   7/10  loss=-1.921774  3.7s
12:01:25  INFO      v2_digital_self_replication.agent.digital_twin — Saved checkpoint: /tmp/tmpp5xrioi0/supervised_best.pt
12:01:29  INFO      v2_digital_self_replication.training.online_train — Epoch   8/10  loss=-1.960151  3.8s
12:01:29  INFO      v2_digital_self_replication.agent.digital_twin — Saved checkpoint: /tmp/tmpp5xrioi0/supervised_best.pt
12:01:33  INFO      v2_digital_self_replication.training.online_train — Epoch   9/10  loss=-1.929936  3.8s
12:01:37  INFO      v2_digital_self_replication.training.online_train — Epoch  10/10  loss=-2.059543  3.9s
12:01:37  INFO      v2_digital_self_replication.agent.digital_twin — Saved checkpoint: /tmp/tmpp5xrioi0/supervised_best.pt
12:01:37  INFO      v2_digital_self_replication.training.online_train — Supervised training complete. Best loss: -2.059543
12:01:37  INFO      v2_digital_self_replication.training.online_train — Supervised training: 220 windows, 10 epochs
12:01:41  INFO      v2_digital_self_replication.training.online_train — Epoch   1/10  loss=0.111431  3.9s
12:01:41  INFO      v2_digital_self_replication.agent.digital_twin — Saved checkpoint: /tmp/tmp2hx905kb/supervised_best.pt
12:01:45  INFO      v2_digital_self_replication.training.online_train — Epoch   2/10  loss=-0.220723  4.0s
12:01:45  INFO      v2_digital_self_replication.agent.digital_twin — Saved checkpoint: /tmp/tmp2hx905kb/supervised_best.pt
12:01:49  INFO      v2_digital_self_replication.training.online_train — Epoch   3/10  loss=-0.592162  4.2s
12:01:49  INFO      v2_digital_self_replication.agent.digital_twin — Saved checkpoint: /tmp/tmp2hx905kb/supervised_best.pt
12:01:53  INFO      v2_digital_self_replication.training.online_train — Epoch   4/10  loss=-1.007383  4.0s
12:01:53  INFO      v2_digital_self_replication.agent.digital_twin — Saved checkpoint: /tmp/tmp2hx905kb/supervised_best.pt
12:01:57  INFO      v2_digital_self_replication.training.online_train — Epoch   5/10  loss=-0.954071  3.9s
12:02:01  INFO      v2_digital_self_replication.training.online_train — Epoch   6/10  loss=-0.419044  3.8s
12:02:04  INFO      v2_digital_self_replication.training.online_train — Epoch   7/10  loss=-0.795632  3.6s
12:02:08  INFO      v2_digital_self_replication.training.online_train — Epoch   8/10  loss=-1.176231  3.5s
12:02:08  INFO      v2_digital_self_replication.agent.digital_twin — Saved checkpoint: /tmp/tmp2hx905kb/supervised_best.pt
12:02:12  INFO      v2_digital_self_replication.training.online_train — Epoch   9/10  loss=-1.403402  3.9s
12:02:12  INFO      v2_digital_self_replication.agent.digital_twin — Saved checkpoint: /tmp/tmp2hx905kb/supervised_best.pt
12:02:15  INFO      v2_digital_self_replication.training.online_train — Epoch  10/10  loss=-1.546437  3.8s
12:02:15  INFO      v2_digital_self_replication.agent.digital_twin — Saved checkpoint: /tmp/tmp2hx905kb/supervised_best.pt
12:02:15  INFO      v2_digital_self_replication.training.online_train — Supervised training complete. Best loss: -1.546437
12:02:16  INFO      v2_digital_self_replication.agent.digital_twin — Loaded checkpoint: v2_digital_self_replication/checkpoints/supervised_best.pt (step 0)
/home/redleadr/workspace/noosphere/.venv/lib/python3.14/site-packages/sklearn/metrics/_classification.py:2924: UserWarning: y_pred contains classes not in y_true
  warnings.warn("y_pred contains classes not in y_true")
12:02:16  INFO      eval_loso —     fold 2/5
12:02:16  INFO      v2_digital_self_replication.agent.digital_twin — Loaded checkpoint: v2_digital_self_replication/checkpoints/supervised_best.pt (step 0)
12:02:16  INFO      v2_digital_self_replication.training.online_train — Supervised training: 220 windows, 10 epochs
12:02:20  INFO      v2_digital_self_replication.training.online_train — Epoch   1/10  loss=-0.593423  3.8s
12:02:20  INFO      v2_digital_self_replication.agent.digital_twin — Saved checkpoint: /tmp/tmp9pj0gsib/supervised_best.pt
12:02:24  INFO      v2_digital_self_replication.training.online_train — Epoch   2/10  loss=-1.018787  3.9s
12:02:24  INFO      v2_digital_self_replication.agent.digital_twin — Saved checkpoint: /tmp/tmp9pj0gsib/supervised_best.pt
12:02:28  INFO      v2_digital_self_replication.training.online_train — Epoch   3/10  loss=-1.424009  3.9s
12:02:28  INFO      v2_digital_self_replication.agent.digital_twin — Saved checkpoint: /tmp/tmp9pj0gsib/supervised_best.pt
12:02:32  INFO      v2_digital_self_replication.training.online_train — Epoch   4/10  loss=-1.681081  3.6s
12:02:32  INFO      v2_digital_self_replication.agent.digital_twin — Saved checkpoint: /tmp/tmp9pj0gsib/supervised_best.pt
12:02:35  INFO      v2_digital_self_replication.training.online_train — Epoch   5/10  loss=-1.754612  3.6s
12:02:35  INFO      v2_digital_self_replication.agent.digital_twin — Saved checkpoint: /tmp/tmp9pj0gsib/supervised_best.pt
12:02:39  INFO      v2_digital_self_replication.training.online_train — Epoch   6/10  loss=-1.725453  3.7s
12:02:43  INFO      v2_digital_self_replication.training.online_train — Epoch   7/10  loss=-1.705165  3.7s
12:02:47  INFO      v2_digital_self_replication.training.online_train — Epoch   8/10  loss=-1.856014  3.8s
12:02:47  INFO      v2_digital_self_replication.agent.digital_twin — Saved checkpoint: /tmp/tmp9pj0gsib/supervised_best.pt
12:02:51  INFO      v2_digital_self_replication.training.online_train — Epoch   9/10  loss=-1.922123  4.0s
12:02:51  INFO      v2_digital_self_replication.agent.digital_twin — Saved checkpoint: /tmp/tmp9pj0gsib/supervised_best.pt
12:02:55  INFO      v2_digital_self_replication.training.online_train — Epoch  10/10  loss=-1.943544  4.1s
12:02:55  INFO      v2_digital_self_replication.agent.digital_twin — Saved checkpoint: /tmp/tmp9pj0gsib/supervised_best.pt
12:02:55  INFO      v2_digital_self_replication.training.online_train — Supervised training complete. Best loss: -1.943544
12:02:55  INFO      v2_digital_self_replication.training.online_train — Supervised training: 220 windows, 10 epochs
12:02:59  INFO      v2_digital_self_replication.training.online_train — Epoch   1/10  loss=0.234562  4.2s
12:02:59  INFO      v2_digital_self_replication.agent.digital_twin — Saved checkpoint: /tmp/tmpo8y2oufl/supervised_best.pt
12:03:03  INFO      v2_digital_self_replication.training.online_train — Epoch   2/10  loss=-0.071831  3.9s
12:03:03  INFO      v2_digital_self_replication.agent.digital_twin — Saved checkpoint: /tmp/tmpo8y2oufl/supervised_best.pt
12:03:07  INFO      v2_digital_self_replication.training.online_train — Epoch   3/10  loss=-0.402638  3.9s
12:03:07  INFO      v2_digital_self_replication.agent.digital_twin — Saved checkpoint: /tmp/tmpo8y2oufl/supervised_best.pt
12:03:11  INFO      v2_digital_self_replication.training.online_train — Epoch   4/10  loss=-0.819642  4.0s
12:03:11  INFO      v2_digital_self_replication.agent.digital_twin — Saved checkpoint: /tmp/tmpo8y2oufl/supervised_best.pt
12:03:15  INFO      v2_digital_self_replication.training.online_train — Epoch   5/10  loss=-1.203003  4.1s
12:03:15  INFO      v2_digital_self_replication.agent.digital_twin — Saved checkpoint: /tmp/tmpo8y2oufl/supervised_best.pt
12:03:19  INFO      v2_digital_self_replication.training.online_train — Epoch   6/10  loss=-1.199742  3.9s
12:03:23  INFO      v2_digital_self_replication.training.online_train — Epoch   7/10  loss=-1.301865  3.9s
12:03:23  INFO      v2_digital_self_replication.agent.digital_twin — Saved checkpoint: /tmp/tmpo8y2oufl/supervised_best.pt
12:03:26  INFO      v2_digital_self_replication.training.online_train — Epoch   8/10  loss=-1.275212  3.8s
12:03:30  INFO      v2_digital_self_replication.training.online_train — Epoch   9/10  loss=-1.413615  3.8s
12:03:30  INFO      v2_digital_self_replication.agent.digital_twin — Saved checkpoint: /tmp/tmpo8y2oufl/supervised_best.pt
12:03:34  INFO      v2_digital_self_replication.training.online_train — Epoch  10/10  loss=-1.578653  3.8s
12:03:34  INFO      v2_digital_self_replication.agent.digital_twin — Saved checkpoint: /tmp/tmpo8y2oufl/supervised_best.pt
12:03:34  INFO      v2_digital_self_replication.training.online_train — Supervised training complete. Best loss: -1.578653
12:03:34  INFO      v2_digital_self_replication.agent.digital_twin — Loaded checkpoint: v2_digital_self_replication/checkpoints/supervised_best.pt (step 0)
/home/redleadr/workspace/noosphere/.venv/lib/python3.14/site-packages/sklearn/metrics/_classification.py:2924: UserWarning: y_pred contains classes not in y_true
  warnings.warn("y_pred contains classes not in y_true")
12:03:35  INFO      eval_loso —     fold 3/5
12:03:35  INFO      v2_digital_self_replication.agent.digital_twin — Loaded checkpoint: v2_digital_self_replication/checkpoints/supervised_best.pt (step 0)
12:03:35  INFO      v2_digital_self_replication.training.online_train — Supervised training: 220 windows, 10 epochs
12:03:39  INFO      v2_digital_self_replication.training.online_train — Epoch   1/10  loss=-0.593348  3.9s
12:03:39  INFO      v2_digital_self_replication.agent.digital_twin — Saved checkpoint: /tmp/tmpdu_coopc/supervised_best.pt
12:03:43  INFO      v2_digital_self_replication.training.online_train — Epoch   2/10  loss=-1.024336  3.9s
12:03:43  INFO      v2_digital_self_replication.agent.digital_twin — Saved checkpoint: /tmp/tmpdu_coopc/supervised_best.pt
12:03:47  INFO      v2_digital_self_replication.training.online_train — Epoch   3/10  loss=-1.423643  3.9s
12:03:47  INFO      v2_digital_self_replication.agent.digital_twin — Saved checkpoint: /tmp/tmpdu_coopc/supervised_best.pt
12:03:51  INFO      v2_digital_self_replication.training.online_train — Epoch   4/10  loss=-1.664056  3.9s
12:03:51  INFO      v2_digital_self_replication.agent.digital_twin — Saved checkpoint: /tmp/tmpdu_coopc/supervised_best.pt
12:03:54  INFO      v2_digital_self_replication.training.online_train — Epoch   5/10  loss=-1.578139  3.8s
12:03:58  INFO      v2_digital_self_replication.training.online_train — Epoch   6/10  loss=-1.652346  3.9s
12:04:02  INFO      v2_digital_self_replication.training.online_train — Epoch   7/10  loss=-1.730691  3.9s
12:04:02  INFO      v2_digital_self_replication.agent.digital_twin — Saved checkpoint: /tmp/tmpdu_coopc/supervised_best.pt
12:04:06  INFO      v2_digital_self_replication.training.online_train — Epoch   8/10  loss=-1.854411  4.0s
12:04:06  INFO      v2_digital_self_replication.agent.digital_twin — Saved checkpoint: /tmp/tmpdu_coopc/supervised_best.pt
12:04:10  INFO      v2_digital_self_replication.training.online_train — Epoch   9/10  loss=-1.618895  4.0s
12:04:14  INFO      v2_digital_self_replication.training.online_train — Epoch  10/10  loss=-1.904699  3.9s
12:04:14  INFO      v2_digital_self_replication.agent.digital_twin — Saved checkpoint: /tmp/tmpdu_coopc/supervised_best.pt
12:04:14  INFO      v2_digital_self_replication.training.online_train — Supervised training complete. Best loss: -1.904699
12:04:14  INFO      v2_digital_self_replication.training.online_train — Supervised training: 220 windows, 10 epochs
12:04:19  INFO      v2_digital_self_replication.training.online_train — Epoch   1/10  loss=0.089626  4.2s
12:04:19  INFO      v2_digital_self_replication.agent.digital_twin — Saved checkpoint: /tmp/tmpojhbq5z_/supervised_best.pt
12:04:22  INFO      v2_digital_self_replication.training.online_train — Epoch   2/10  loss=-0.215132  3.8s
12:04:22  INFO      v2_digital_self_replication.agent.digital_twin — Saved checkpoint: /tmp/tmpojhbq5z_/supervised_best.pt
12:04:26  INFO      v2_digital_self_replication.training.online_train — Epoch   3/10  loss=-0.539503  4.0s
12:04:26  INFO      v2_digital_self_replication.agent.digital_twin — Saved checkpoint: /tmp/tmpojhbq5z_/supervised_best.pt
12:04:30  INFO      v2_digital_self_replication.training.online_train — Epoch   4/10  loss=-0.931656  3.9s
12:04:30  INFO      v2_digital_self_replication.agent.digital_twin — Saved checkpoint: /tmp/tmpojhbq5z_/supervised_best.pt
12:04:34  INFO      v2_digital_self_replication.training.online_train — Epoch   5/10  loss=-1.288140  3.9s
12:04:34  INFO      v2_digital_self_replication.agent.digital_twin — Saved checkpoint: /tmp/tmpojhbq5z_/supervised_best.pt
12:04:38  INFO      v2_digital_self_replication.training.online_train — Epoch   6/10  loss=-1.308857  4.0s
12:04:38  INFO      v2_digital_self_replication.agent.digital_twin — Saved checkpoint: /tmp/tmpojhbq5z_/supervised_best.pt
12:04:42  INFO      v2_digital_self_replication.training.online_train — Epoch   7/10  loss=-0.577400  3.7s
12:04:46  INFO      v2_digital_self_replication.training.online_train — Epoch   8/10  loss=-1.005862  3.7s
12:04:49  INFO      v2_digital_self_replication.training.online_train — Epoch   9/10  loss=-1.137136  3.7s
12:04:53  INFO      v2_digital_self_replication.training.online_train — Epoch  10/10  loss=-1.322198  3.6s
12:04:53  INFO      v2_digital_self_replication.agent.digital_twin — Saved checkpoint: /tmp/tmpojhbq5z_/supervised_best.pt
12:04:53  INFO      v2_digital_self_replication.training.online_train — Supervised training complete. Best loss: -1.322198
12:04:53  INFO      v2_digital_self_replication.agent.digital_twin — Loaded checkpoint: v2_digital_self_replication/checkpoints/supervised_best.pt (step 0)
/home/redleadr/workspace/noosphere/.venv/lib/python3.14/site-packages/sklearn/metrics/_classification.py:2924: UserWarning: y_pred contains classes not in y_true
  warnings.warn("y_pred contains classes not in y_true")
12:04:54  INFO      eval_loso —     fold 4/5
12:04:54  INFO      v2_digital_self_replication.agent.digital_twin — Loaded checkpoint: v2_digital_self_replication/checkpoints/supervised_best.pt (step 0)
12:04:54  INFO      v2_digital_self_replication.training.online_train — Supervised training: 220 windows, 10 epochs
12:04:57  INFO      v2_digital_self_replication.training.online_train — Epoch   1/10  loss=-0.592280  3.7s
12:04:57  INFO      v2_digital_self_replication.agent.digital_twin — Saved checkpoint: /tmp/tmp3aah6hfp/supervised_best.pt
12:05:01  INFO      v2_digital_self_replication.training.online_train — Epoch   2/10  loss=-1.017050  3.8s
12:05:01  INFO      v2_digital_self_replication.agent.digital_twin — Saved checkpoint: /tmp/tmp3aah6hfp/supervised_best.pt
12:05:05  INFO      v2_digital_self_replication.training.online_train — Epoch   3/10  loss=-1.396077  3.7s
12:05:05  INFO      v2_digital_self_replication.agent.digital_twin — Saved checkpoint: /tmp/tmp3aah6hfp/supervised_best.pt
12:05:09  INFO      v2_digital_self_replication.training.online_train — Epoch   4/10  loss=-1.638555  3.7s
12:05:09  INFO      v2_digital_self_replication.agent.digital_twin — Saved checkpoint: /tmp/tmp3aah6hfp/supervised_best.pt
12:05:12  INFO      v2_digital_self_replication.training.online_train — Epoch   5/10  loss=-1.779055  3.8s
12:05:12  INFO      v2_digital_self_replication.agent.digital_twin — Saved checkpoint: /tmp/tmp3aah6hfp/supervised_best.pt
12:05:16  INFO      v2_digital_self_replication.training.online_train — Epoch   6/10  loss=-1.621921  3.9s
12:05:20  INFO      v2_digital_self_replication.training.online_train — Epoch   7/10  loss=-1.205893  3.9s
12:05:24  INFO      v2_digital_self_replication.training.online_train — Epoch   8/10  loss=-1.723219  3.5s
12:05:28  INFO      v2_digital_self_replication.training.online_train — Epoch   9/10  loss=-1.903805  3.8s
12:05:28  INFO      v2_digital_self_replication.agent.digital_twin — Saved checkpoint: /tmp/tmp3aah6hfp/supervised_best.pt
12:05:31  INFO      v2_digital_self_replication.training.online_train — Epoch  10/10  loss=-2.009185  3.7s
12:05:31  INFO      v2_digital_self_replication.agent.digital_twin — Saved checkpoint: /tmp/tmp3aah6hfp/supervised_best.pt
12:05:31  INFO      v2_digital_self_replication.training.online_train — Supervised training complete. Best loss: -2.009185
12:05:31  INFO      v2_digital_self_replication.training.online_train — Supervised training: 220 windows, 10 epochs
12:05:35  INFO      v2_digital_self_replication.training.online_train — Epoch   1/10  loss=0.131748  3.9s
12:05:35  INFO      v2_digital_self_replication.agent.digital_twin — Saved checkpoint: /tmp/tmpkjlhek03/supervised_best.pt
12:05:39  INFO      v2_digital_self_replication.training.online_train — Epoch   2/10  loss=-0.138926  3.9s
12:05:39  INFO      v2_digital_self_replication.agent.digital_twin — Saved checkpoint: /tmp/tmpkjlhek03/supervised_best.pt
12:05:43  INFO      v2_digital_self_replication.training.online_train — Epoch   3/10  loss=-0.505029  3.9s
12:05:43  INFO      v2_digital_self_replication.agent.digital_twin — Saved checkpoint: /tmp/tmpkjlhek03/supervised_best.pt
12:05:47  INFO      v2_digital_self_replication.training.online_train — Epoch   4/10  loss=-0.961030  3.9s
12:05:47  INFO      v2_digital_self_replication.agent.digital_twin — Saved checkpoint: /tmp/tmpkjlhek03/supervised_best.pt
12:05:51  INFO      v2_digital_self_replication.training.online_train — Epoch   5/10  loss=-1.238045  3.8s
12:05:51  INFO      v2_digital_self_replication.agent.digital_twin — Saved checkpoint: /tmp/tmpkjlhek03/supervised_best.pt
12:05:55  INFO      v2_digital_self_replication.training.online_train — Epoch   6/10  loss=-0.545670  3.7s
12:05:59  INFO      v2_digital_self_replication.training.online_train — Epoch   7/10  loss=0.103598  4.0s
12:06:03  INFO      v2_digital_self_replication.training.online_train — Epoch   8/10  loss=0.324735  4.1s
12:06:07  INFO      v2_digital_self_replication.training.online_train — Epoch   9/10  loss=-0.950012  3.9s
12:06:11  INFO      v2_digital_self_replication.training.online_train — Epoch  10/10  loss=-1.346627  3.9s
12:06:11  INFO      v2_digital_self_replication.agent.digital_twin — Saved checkpoint: /tmp/tmpkjlhek03/supervised_best.pt
12:06:11  INFO      v2_digital_self_replication.training.online_train — Supervised training complete. Best loss: -1.346627
12:06:11  INFO      v2_digital_self_replication.agent.digital_twin — Loaded checkpoint: v2_digital_self_replication/checkpoints/supervised_best.pt (step 0)
/home/redleadr/workspace/noosphere/.venv/lib/python3.14/site-packages/sklearn/metrics/_classification.py:2924: UserWarning: y_pred contains classes not in y_true
  warnings.warn("y_pred contains classes not in y_true")
12:06:11  INFO      eval_loso —     fold 5/5
12:06:11  INFO      v2_digital_self_replication.agent.digital_twin — Loaded checkpoint: v2_digital_self_replication/checkpoints/supervised_best.pt (step 0)
12:06:11  INFO      v2_digital_self_replication.training.online_train — Supervised training: 224 windows, 10 epochs
12:06:16  INFO      v2_digital_self_replication.training.online_train — Epoch   1/10  loss=-0.628916  4.7s
12:06:16  INFO      v2_digital_self_replication.agent.digital_twin — Saved checkpoint: /tmp/tmpgi_73ocg/supervised_best.pt
12:06:21  INFO      v2_digital_self_replication.training.online_train — Epoch   2/10  loss=-1.120755  4.7s
12:06:21  INFO      v2_digital_self_replication.agent.digital_twin — Saved checkpoint: /tmp/tmpgi_73ocg/supervised_best.pt
12:06:25  INFO      v2_digital_self_replication.training.online_train — Epoch   3/10  loss=-1.514799  4.5s
12:06:25  INFO      v2_digital_self_replication.agent.digital_twin — Saved checkpoint: /tmp/tmpgi_73ocg/supervised_best.pt
12:06:30  INFO      v2_digital_self_replication.training.online_train — Epoch   4/10  loss=-1.682791  4.7s
12:06:30  INFO      v2_digital_self_replication.agent.digital_twin — Saved checkpoint: /tmp/tmpgi_73ocg/supervised_best.pt
12:06:34  INFO      v2_digital_self_replication.training.online_train — Epoch   5/10  loss=-1.668552  4.4s
12:06:39  INFO      v2_digital_self_replication.training.online_train — Epoch   6/10  loss=-1.682887  4.3s
12:06:39  INFO      v2_digital_self_replication.agent.digital_twin — Saved checkpoint: /tmp/tmpgi_73ocg/supervised_best.pt
12:06:43  INFO      v2_digital_self_replication.training.online_train — Epoch   7/10  loss=-1.824400  4.5s
12:06:43  INFO      v2_digital_self_replication.agent.digital_twin — Saved checkpoint: /tmp/tmpgi_73ocg/supervised_best.pt
12:06:48  INFO      v2_digital_self_replication.training.online_train — Epoch   8/10  loss=-1.854088  4.8s
12:06:48  INFO      v2_digital_self_replication.agent.digital_twin — Saved checkpoint: /tmp/tmpgi_73ocg/supervised_best.pt
12:06:53  INFO      v2_digital_self_replication.training.online_train — Epoch   9/10  loss=-1.979790  4.6s
12:06:53  INFO      v2_digital_self_replication.agent.digital_twin — Saved checkpoint: /tmp/tmpgi_73ocg/supervised_best.pt
12:06:57  INFO      v2_digital_self_replication.training.online_train — Epoch  10/10  loss=-1.944819  4.3s
12:06:57  INFO      v2_digital_self_replication.training.online_train — Supervised training complete. Best loss: -1.979790
12:06:57  INFO      v2_digital_self_replication.training.online_train — Supervised training: 224 windows, 10 epochs
12:07:02  INFO      v2_digital_self_replication.training.online_train — Epoch   1/10  loss=0.190703  4.7s
12:07:02  INFO      v2_digital_self_replication.agent.digital_twin — Saved checkpoint: /tmp/tmp0zzdoqb8/supervised_best.pt
12:07:06  INFO      v2_digital_self_replication.training.online_train — Epoch   2/10  loss=-0.202716  4.4s
12:07:06  INFO      v2_digital_self_replication.agent.digital_twin — Saved checkpoint: /tmp/tmp0zzdoqb8/supervised_best.pt
12:07:10  INFO      v2_digital_self_replication.training.online_train — Epoch   3/10  loss=-0.691050  4.2s
12:07:10  INFO      v2_digital_self_replication.agent.digital_twin — Saved checkpoint: /tmp/tmp0zzdoqb8/supervised_best.pt
12:07:15  INFO      v2_digital_self_replication.training.online_train — Epoch   4/10  loss=-1.229546  4.6s
12:07:15  INFO      v2_digital_self_replication.agent.digital_twin — Saved checkpoint: /tmp/tmp0zzdoqb8/supervised_best.pt
12:07:19  INFO      v2_digital_self_replication.training.online_train — Epoch   5/10  loss=-0.164499  4.6s
12:07:24  INFO      v2_digital_self_replication.training.online_train — Epoch   6/10  loss=-0.289857  4.7s
12:07:29  INFO      v2_digital_self_replication.training.online_train — Epoch   7/10  loss=-1.395339  4.8s
12:07:29  INFO      v2_digital_self_replication.agent.digital_twin — Saved checkpoint: /tmp/tmp0zzdoqb8/supervised_best.pt
12:07:34  INFO      v2_digital_self_replication.training.online_train — Epoch   8/10  loss=-1.660168  4.6s
12:07:34  INFO      v2_digital_self_replication.agent.digital_twin — Saved checkpoint: /tmp/tmp0zzdoqb8/supervised_best.pt
12:07:38  INFO      v2_digital_self_replication.training.online_train — Epoch   9/10  loss=-1.720326  4.8s
12:07:38  INFO      v2_digital_self_replication.agent.digital_twin — Saved checkpoint: /tmp/tmp0zzdoqb8/supervised_best.pt
12:07:43  INFO      v2_digital_self_replication.training.online_train — Epoch  10/10  loss=-1.741433  4.8s
12:07:43  INFO      v2_digital_self_replication.agent.digital_twin — Saved checkpoint: /tmp/tmp0zzdoqb8/supervised_best.pt
12:07:43  INFO      v2_digital_self_replication.training.online_train — Supervised training complete. Best loss: -1.741433
/home/redleadr/workspace/noosphere/.venv/lib/python3.14/site-packages/sklearn/metrics/_classification.py:2924: UserWarning: y_pred contains classes not in y_true
  warnings.warn("y_pred contains classes not in y_true")
12:07:44  INFO      v2_digital_self_replication.agent.digital_twin — Loaded checkpoint: v2_digital_self_replication/checkpoints/supervised_best.pt (step 0)
/home/redleadr/workspace/noosphere/.venv/lib/python3.14/site-packages/sklearn/metrics/_classification.py:2924: UserWarning: y_pred contains classes not in y_true
  warnings.warn("y_pred contains classes not in y_true")
12:07:44  INFO      eval_loso —   ↳ Subject 3 jepa_ft=33.3%  (running mean: 33.3±0.0%)
12:07:44  INFO      eval_loso — ══ Subject 4 ══
12:07:44  INFO      v2_digital_self_replication.data.real_eeg — Loading subject 4 …
12:07:45  INFO      v2_digital_self_replication.data.real_eeg —   Subject 4: 14 trials
12:07:45  INFO      v2_digital_self_replication.data.real_eeg —   Subject 4: 14 trials
12:07:45  INFO      v2_digital_self_replication.data.real_eeg —   Subject 4: 14 trials
12:07:45  INFO      v2_digital_self_replication.data.real_eeg —   Subject 4: 7 trials
12:07:45  INFO      v2_digital_self_replication.data.real_eeg —   Subject 4: 7 trials
12:07:45  INFO      v2_digital_self_replication.data.real_eeg —   Subject 4: 7 trials
12:07:45  INFO      v2_digital_self_replication.data.real_eeg — Total: 63 trials  shape=(63, 1025, 21)
12:07:45  INFO      eval_loso —   Trials: 63  shape: (63, 1025, 21)
12:07:45  INFO      eval_loso —     fold 1/5
12:07:45  INFO      v2_digital_self_replication.agent.digital_twin — Loaded checkpoint: v2_digital_self_replication/checkpoints/supervised_best.pt (step 0)
12:07:45  INFO      v2_digital_self_replication.training.online_train — Supervised training: 200 windows, 10 epochs
12:07:49  INFO      v2_digital_self_replication.training.online_train — Epoch   1/10  loss=-0.591574  4.2s
12:07:49  INFO      v2_digital_self_replication.agent.digital_twin — Saved checkpoint: /tmp/tmpd1oqk5x7/supervised_best.pt
12:07:53  INFO      v2_digital_self_replication.training.online_train — Epoch   2/10  loss=-1.029406  4.1s
12:07:53  INFO      v2_digital_self_replication.agent.digital_twin — Saved checkpoint: /tmp/tmpd1oqk5x7/supervised_best.pt
12:07:57  INFO      v2_digital_self_replication.training.online_train — Epoch   3/10  loss=-1.412106  4.1s
12:07:57  INFO      v2_digital_self_replication.agent.digital_twin — Saved checkpoint: /tmp/tmpd1oqk5x7/supervised_best.pt
12:08:02  INFO      v2_digital_self_replication.training.online_train — Epoch   4/10  loss=-1.545319  4.2s
12:08:02  INFO      v2_digital_self_replication.agent.digital_twin — Saved checkpoint: /tmp/tmpd1oqk5x7/supervised_best.pt
12:08:06  INFO      v2_digital_self_replication.training.online_train — Epoch   5/10  loss=-1.410207  4.0s
12:08:10  INFO      v2_digital_self_replication.training.online_train — Epoch   6/10  loss=-1.616937  4.0s
12:08:10  INFO      v2_digital_self_replication.agent.digital_twin — Saved checkpoint: /tmp/tmpd1oqk5x7/supervised_best.pt
12:08:14  INFO      v2_digital_self_replication.training.online_train — Epoch   7/10  loss=-1.828219  3.9s
12:08:14  INFO      v2_digital_self_replication.agent.digital_twin — Saved checkpoint: /tmp/tmpd1oqk5x7/supervised_best.pt
12:08:17  INFO      v2_digital_self_replication.training.online_train — Epoch   8/10  loss=-1.883640  3.9s
12:08:17  INFO      v2_digital_self_replication.agent.digital_twin — Saved checkpoint: /tmp/tmpd1oqk5x7/supervised_best.pt
12:08:21  INFO      v2_digital_self_replication.training.online_train — Epoch   9/10  loss=-1.928274  4.0s
12:08:21  INFO      v2_digital_self_replication.agent.digital_twin — Saved checkpoint: /tmp/tmpd1oqk5x7/supervised_best.pt
12:08:25  INFO      v2_digital_self_replication.training.online_train — Epoch  10/10  loss=-1.815899  3.7s
12:08:25  INFO      v2_digital_self_replication.training.online_train — Supervised training complete. Best loss: -1.928274
12:08:25  INFO      v2_digital_self_replication.training.online_train — Supervised training: 200 windows, 10 epochs
12:08:29  INFO      v2_digital_self_replication.training.online_train — Epoch   1/10  loss=0.261446  3.9s
12:08:29  INFO      v2_digital_self_replication.agent.digital_twin — Saved checkpoint: /tmp/tmp6t4yiv6c/supervised_best.pt
12:08:33  INFO      v2_digital_self_replication.training.online_train — Epoch   2/10  loss=-0.019071  4.0s
12:08:33  INFO      v2_digital_self_replication.agent.digital_twin — Saved checkpoint: /tmp/tmp6t4yiv6c/supervised_best.pt
12:08:37  INFO      v2_digital_self_replication.training.online_train — Epoch   3/10  loss=-0.388941  4.0s
12:08:37  INFO      v2_digital_self_replication.agent.digital_twin — Saved checkpoint: /tmp/tmp6t4yiv6c/supervised_best.pt
12:08:41  INFO      v2_digital_self_replication.training.online_train — Epoch   4/10  loss=-0.825918  4.1s
12:08:41  INFO      v2_digital_self_replication.agent.digital_twin — Saved checkpoint: /tmp/tmp6t4yiv6c/supervised_best.pt
12:08:45  INFO      v2_digital_self_replication.training.online_train — Epoch   5/10  loss=-1.222967  4.0s
12:08:45  INFO      v2_digital_self_replication.agent.digital_twin — Saved checkpoint: /tmp/tmp6t4yiv6c/supervised_best.pt
12:08:50  INFO      v2_digital_self_replication.training.online_train — Epoch   6/10  loss=-1.485974  4.3s
12:08:50  INFO      v2_digital_self_replication.agent.digital_twin — Saved checkpoint: /tmp/tmp6t4yiv6c/supervised_best.pt
12:08:54  INFO      v2_digital_self_replication.training.online_train — Epoch   7/10  loss=-1.517868  4.3s
12:08:54  INFO      v2_digital_self_replication.agent.digital_twin — Saved checkpoint: /tmp/tmp6t4yiv6c/supervised_best.pt
12:08:58  INFO      v2_digital_self_replication.training.online_train — Epoch   8/10  loss=-1.560274  4.0s
12:08:58  INFO      v2_digital_self_replication.agent.digital_twin — Saved checkpoint: /tmp/tmp6t4yiv6c/supervised_best.pt
