[14:42:53] === Step 1: Generate synthetic data ===
[14:42:53]   Subjects: 10   Trials: 50   Duration: 4.0s   FS: 256Hz   Seed: 42
[14:42:53]   Output dir: /home/redleadr/workspace/noosphere/v2_digital_self_replication/data/generated
[14:42:53]   Log file:   /home/redleadr/workspace/noosphere/v2_digital_self_replication/logs/01_generate_data.log
14:42:53  INFO      generate_data — Generating data: 10 subjects × 50 trials × 4.0s @ 256 Hz  (T=1024 samples/trial)
14:42:53  INFO      generate_data — Output: /home/redleadr/workspace/noosphere/v2_digital_self_replication/data/generated
14:44:06  INFO      generate_data — Generated in 73.1s
14:44:06  INFO      generate_data —   EEG shape per subject:      (50, 1024, 21)  (trials × timesteps × channels)
14:44:06  INFO      generate_data —   Commands shape per subject: (50, 1024, 6)  (trials × timesteps × dof)
14:44:06  INFO      generate_data —   ERN labels shape:           (50, 1024)  (trials × timesteps)
14:44:07  INFO      generate_data — Saved to /home/redleadr/workspace/noosphere/v2_digital_self_replication/data/generated
[14:44:07] ✓ Data generation complete → /home/redleadr/workspace/noosphere/v2_digital_self_replication/data/generated
[14:44:07] === Step 2: JEPA pretraining ===
[14:44:07]   Data dir:       /home/redleadr/workspace/noosphere/v2_digital_self_replication/data/generated
[14:44:07]   Checkpoint dir: /home/redleadr/workspace/noosphere/v2_digital_self_replication/checkpoints
[14:44:07]   Epochs: 50   Batch: 64   LR: 3e-4   Device: cpu
[14:44:07]   Log file: /home/redleadr/workspace/noosphere/v2_digital_self_replication/logs/02_pretrain_jepa.log
14:44:07  INFO      pretrain_jepa — Loading dataset from /home/redleadr/workspace/noosphere/v2_digital_self_replication/data/generated
14:44:07  INFO      pretrain_jepa —   10 subjects, 50 trials each, T=1024, fs=256 Hz
14:44:09  INFO      pretrain_jepa — Starting JEPA pretraining: 50 epochs, window=256, stride=64, device=cpu
14:44:09  INFO      v2_digital_self_replication.training.pretrain_jepa — JEPA pretraining: 7997 windows, 50 epochs
