[19:30:53] === Step 1: Generate synthetic data ===
[19:30:53]   Subjects: 10   Trials: 50   Duration: 4.0s   FS: 256Hz   Seed: 42
[19:30:53]   Output dir: /home/redleadr/workspace/noosphere/v2_digital_self_replication/data/generated
[19:30:53]   Log file:   /home/redleadr/workspace/noosphere/v2_digital_self_replication/logs/01_generate_data.log
19:30:53  INFO      generate_data — Generating data: 10 subjects × 50 trials × 4.0s @ 256 Hz  (T=1024 samples/trial)
19:30:53  INFO      generate_data — Output: /home/redleadr/workspace/noosphere/v2_digital_self_replication/data/generated
19:31:56  INFO      generate_data — Generated in 62.3s
19:31:56  INFO      generate_data —   EEG shape per subject:      (50, 1024, 21)  (trials × timesteps × channels)
19:31:56  INFO      generate_data —   Commands shape per subject: (50, 1024, 6)  (trials × timesteps × dof)
19:31:56  INFO      generate_data —   ERN labels shape:           (50, 1024)  (trials × timesteps)
19:31:56  INFO      generate_data — Saved to /home/redleadr/workspace/noosphere/v2_digital_self_replication/data/generated
[19:31:56] ✓ Data generation complete → /home/redleadr/workspace/noosphere/v2_digital_self_replication/data/generated
[19:31:56] === Step 2: JEPA pretraining ===
[19:31:56]   Data dir:       /home/redleadr/workspace/noosphere/v2_digital_self_replication/data/generated
[19:31:56]   Checkpoint dir: /home/redleadr/workspace/noosphere/v2_digital_self_replication/checkpoints
[19:31:56]   Epochs: 15   Batch: 64   LR: 3e-4   Device: cuda
[19:31:56]   Log file: /home/redleadr/workspace/noosphere/v2_digital_self_replication/logs/02_pretrain_jepa.log
19:31:56  INFO      pretrain_jepa — Loading dataset from /home/redleadr/workspace/noosphere/v2_digital_self_replication/data/generated
19:31:56  INFO      pretrain_jepa —   10 subjects, 50 trials each, T=1024, fs=256 Hz
19:32:01  INFO      pretrain_jepa — Starting JEPA pretraining: 15 epochs, window=128, stride=64, device=cuda
19:32:01  INFO      v2_digital_self_replication.training.pretrain_jepa — JEPA pretraining: 7999 windows, 15 epochs
19:36:27  INFO      v2_digital_self_replication.training.pretrain_jepa — Epoch   1/15  loss=0.161562  266.1s
19:36:38  INFO      v2_digital_self_replication.training.pretrain_jepa — Epoch   2/15  loss=0.079173  10.3s
19:36:49  INFO      v2_digital_self_replication.training.pretrain_jepa — Epoch   3/15  loss=0.046417  11.5s
19:37:00  INFO      v2_digital_self_replication.training.pretrain_jepa — Epoch   4/15  loss=0.038711  11.3s
19:37:11  INFO      v2_digital_self_replication.training.pretrain_jepa — Epoch   5/15  loss=0.034211  10.8s
19:37:21  INFO      v2_digital_self_replication.training.pretrain_jepa — Epoch   6/15  loss=0.030966  9.3s
19:37:32  INFO      v2_digital_self_replication.training.pretrain_jepa — Epoch   7/15  loss=0.029062  11.6s
19:37:43  INFO      v2_digital_self_replication.training.pretrain_jepa — Epoch   8/15  loss=0.027981  11.0s
19:37:55  INFO      v2_digital_self_replication.training.pretrain_jepa — Epoch   9/15  loss=0.027546  11.7s
19:38:05  INFO      v2_digital_self_replication.training.pretrain_jepa — Epoch  10/15  loss=0.027363  10.4s
19:38:16  INFO      v2_digital_self_replication.training.pretrain_jepa — Epoch  11/15  loss=0.027845  10.9s
19:38:26  INFO      v2_digital_self_replication.training.pretrain_jepa — Epoch  12/15  loss=0.028613  9.4s
19:38:36  INFO      v2_digital_self_replication.training.pretrain_jepa — Epoch  13/15  loss=0.029938  10.0s
19:38:46  INFO      v2_digital_self_replication.training.pretrain_jepa — Epoch  14/15  loss=0.031481  10.5s
19:38:58  INFO      v2_digital_self_replication.training.pretrain_jepa — Epoch  15/15  loss=0.033326  12.1s
19:38:58  INFO      v2_digital_self_replication.training.pretrain_jepa — JEPA pretraining complete. Best loss: 0.027363
19:38:58  INFO      pretrain_jepa — Pretraining complete. Final encoder saved to /home/redleadr/workspace/noosphere/v2_digital_self_replication/checkpoints/jepa_encoder_final.pt
[19:39:05] ✓ JEPA pretraining complete → /home/redleadr/workspace/noosphere/v2_digital_self_replication/checkpoints/jepa_encoder_final.pt
[19:39:05] === Step 3: Supervised fine-tuning ===
[19:39:05]   Data dir:       /home/redleadr/workspace/noosphere/v2_digital_self_replication/data/generated
[19:39:05]   Encoder ckpt:   /home/redleadr/workspace/noosphere/v2_digital_self_replication/checkpoints/jepa_encoder_final.pt
[19:39:05]   Checkpoint dir: /home/redleadr/workspace/noosphere/v2_digital_self_replication/checkpoints
[19:39:05]   Epochs: 5   Batch: 64   Freeze encoder: true   Device: cuda
[19:39:05]   Log file: /home/redleadr/workspace/noosphere/v2_digital_self_replication/logs/03_finetune.log
19:39:05  INFO      finetune — Loading dataset from /home/redleadr/workspace/noosphere/v2_digital_self_replication/data/generated
19:39:05  INFO      finetune —   10 subjects, 50 trials, T=1024
19:39:09  INFO      faiss.loader — Loading faiss with AVX2 support.
19:39:09  INFO      faiss.loader — Could not load library with AVX2 support due to:
ModuleNotFoundError("No module named 'faiss.swigfaiss_avx2'")
19:39:09  INFO      faiss.loader — Loading faiss.
19:39:09  INFO      faiss.loader — Successfully loaded faiss.
19:39:10  INFO      v2_digital_self_replication.training.pretrain_jepa — Loaded JEPA encoder weights from /home/redleadr/workspace/noosphere/v2_digital_self_replication/checkpoints/jepa_encoder_final.pt
19:39:10  INFO      finetune — Loaded JEPA encoder from /home/redleadr/workspace/noosphere/v2_digital_self_replication/checkpoints/jepa_encoder_final.pt
19:39:10  INFO      finetune — Fine-tuning: 5 epochs, freeze_encoder=True, device=cuda
19:39:10  INFO      v2_digital_self_replication.training.online_train — Supervised training: 4000 windows, 5 epochs
19:45:59  INFO      v2_digital_self_replication.training.online_train — Epoch   1/5  loss=0.115431  408.8s
19:45:59  INFO      v2_digital_self_replication.agent.digital_twin — Saved checkpoint: /home/redleadr/workspace/noosphere/v2_digital_self_replication/checkpoints/supervised_best.pt
19:46:01  INFO      v2_digital_self_replication.training.online_train — Epoch   2/5  loss=-0.079234  2.3s
19:46:01  INFO      v2_digital_self_replication.agent.digital_twin — Saved checkpoint: /home/redleadr/workspace/noosphere/v2_digital_self_replication/checkpoints/supervised_best.pt
19:46:04  INFO      v2_digital_self_replication.training.online_train — Epoch   3/5  loss=-0.090284  2.7s
19:46:04  INFO      v2_digital_self_replication.agent.digital_twin — Saved checkpoint: /home/redleadr/workspace/noosphere/v2_digital_self_replication/checkpoints/supervised_best.pt
19:46:06  INFO      v2_digital_self_replication.training.online_train — Epoch   4/5  loss=-0.099208  2.5s
19:46:06  INFO      v2_digital_self_replication.agent.digital_twin — Saved checkpoint: /home/redleadr/workspace/noosphere/v2_digital_self_replication/checkpoints/supervised_best.pt
19:46:09  INFO      v2_digital_self_replication.training.online_train — Epoch   5/5  loss=-0.111267  2.5s
19:46:09  INFO      v2_digital_self_replication.agent.digital_twin — Saved checkpoint: /home/redleadr/workspace/noosphere/v2_digital_self_replication/checkpoints/supervised_best.pt
19:46:09  INFO      v2_digital_self_replication.training.online_train — Supervised training complete. Best loss: -0.111267
19:46:09  INFO      finetune — Fine-tuning complete. Twin checkpoint saved to /home/redleadr/workspace/noosphere/v2_digital_self_replication/checkpoints/supervised_best.pt
[19:46:17] ✓ Fine-tuning complete → /home/redleadr/workspace/noosphere/v2_digital_self_replication/checkpoints/supervised_best.pt
